[0.080s] DEBUG:colcon:Command line arguments: ['/usr/bin/colcon', 'build', '--symlink-install']
[0.080s] DEBUG:colcon:Parsed command line arguments: Namespace(log_base=None, log_level=None, verb_name='build', build_base='build', install_base='install', merge_install=False, symlink_install=True, test_result_base=None, continue_on_error=False, executor='parallel', parallel_workers=16, event_handlers=None, ignore_user_meta=False, metas=['./colcon.meta'], base_paths=['.'], packages_ignore=None, packages_ignore_regex=None, paths=None, packages_up_to=None, packages_up_to_regex=None, packages_above=None, packages_above_and_dependencies=None, packages_above_depth=None, packages_select_by_dep=None, packages_skip_by_dep=None, packages_skip_up_to=None, packages_select_build_failed=False, packages_skip_build_finished=False, packages_select_test_failures=False, packages_skip_test_passed=False, packages_select=None, packages_skip=None, packages_select_regex=None, packages_skip_regex=None, packages_start=None, packages_end=None, allow_overriding=[], cmake_args=None, cmake_target=None, cmake_target_skip_unavailable=False, cmake_clean_cache=False, cmake_clean_first=False, cmake_force_configure=False, ament_cmake_args=None, catkin_cmake_args=None, catkin_skip_building_tests=False, verb_parser=<colcon_defaults.argument_parser.defaults.DefaultArgumentsDecorator object at 0x75683c776cf0>, verb_extension=<colcon_core.verb.build.BuildVerb object at 0x75683c71a4e0>, main=<bound method BuildVerb.main of <colcon_core.verb.build.BuildVerb object at 0x75683c71a4e0>>)
[0.113s] Level 1:colcon.colcon_core.package_discovery:discover_packages(colcon_meta) check parameters
[0.113s] Level 1:colcon.colcon_core.package_discovery:discover_packages(recursive) check parameters
[0.113s] Level 1:colcon.colcon_core.package_discovery:discover_packages(ignore) check parameters
[0.113s] Level 1:colcon.colcon_core.package_discovery:discover_packages(path) check parameters
[0.113s] Level 1:colcon.colcon_core.package_discovery:discover_packages(colcon_meta) discover
[0.113s] Level 1:colcon.colcon_core.package_discovery:discover_packages(recursive) discover
[0.113s] INFO:colcon.colcon_core.package_discovery:Crawling recursively for packages in '/home/swetank/sparc-rudra/ros2'
[0.113s] Level 1:colcon.colcon_core.package_identification:_identify(.) by extensions ['ignore', 'ignore_ament_install']
[0.113s] Level 1:colcon.colcon_core.package_identification:_identify(.) by extension 'ignore'
[0.113s] Level 1:colcon.colcon_core.package_identification:_identify(.) by extension 'ignore_ament_install'
[0.113s] Level 1:colcon.colcon_core.package_identification:_identify(.) by extensions ['colcon_pkg']
[0.113s] Level 1:colcon.colcon_core.package_identification:_identify(.) by extension 'colcon_pkg'
[0.113s] Level 1:colcon.colcon_core.package_identification:_identify(.) by extensions ['colcon_meta']
[0.113s] Level 1:colcon.colcon_core.package_identification:_identify(.) by extension 'colcon_meta'
[0.113s] Level 1:colcon.colcon_core.package_identification:_identify(.) by extensions ['ros']
[0.113s] Level 1:colcon.colcon_core.package_identification:_identify(.) by extension 'ros'
[0.135s] Level 1:colcon.colcon_core.package_identification:_identify(.) by extensions ['cmake', 'python']
[0.135s] Level 1:colcon.colcon_core.package_identification:_identify(.) by extension 'cmake'
[0.135s] Level 1:colcon.colcon_core.package_identification:_identify(.) by extension 'python'
[0.135s] Level 1:colcon.colcon_core.package_identification:_identify(.) by extensions ['python_setup_py']
[0.135s] Level 1:colcon.colcon_core.package_identification:_identify(.) by extension 'python_setup_py'
[0.135s] Level 1:colcon.colcon_core.package_identification:_identify(build) by extensions ['ignore', 'ignore_ament_install']
[0.135s] Level 1:colcon.colcon_core.package_identification:_identify(build) by extension 'ignore'
[0.135s] Level 1:colcon.colcon_core.package_identification:_identify(build) ignored
[0.135s] Level 1:colcon.colcon_core.package_identification:_identify(install) by extensions ['ignore', 'ignore_ament_install']
[0.135s] Level 1:colcon.colcon_core.package_identification:_identify(install) by extension 'ignore'
[0.135s] Level 1:colcon.colcon_core.package_identification:_identify(install) ignored
[0.135s] Level 1:colcon.colcon_core.package_identification:_identify(log) by extensions ['ignore', 'ignore_ament_install']
[0.135s] Level 1:colcon.colcon_core.package_identification:_identify(log) by extension 'ignore'
[0.135s] Level 1:colcon.colcon_core.package_identification:_identify(log) ignored
[0.136s] Level 1:colcon.colcon_core.package_identification:_identify(src) by extensions ['ignore', 'ignore_ament_install']
[0.136s] Level 1:colcon.colcon_core.package_identification:_identify(src) by extension 'ignore'
[0.136s] Level 1:colcon.colcon_core.package_identification:_identify(src) by extension 'ignore_ament_install'
[0.136s] Level 1:colcon.colcon_core.package_identification:_identify(src) by extensions ['colcon_pkg']
[0.136s] Level 1:colcon.colcon_core.package_identification:_identify(src) by extension 'colcon_pkg'
[0.136s] Level 1:colcon.colcon_core.package_identification:_identify(src) by extensions ['colcon_meta']
[0.136s] Level 1:colcon.colcon_core.package_identification:_identify(src) by extension 'colcon_meta'
[0.136s] Level 1:colcon.colcon_core.package_identification:_identify(src) by extensions ['ros']
[0.136s] Level 1:colcon.colcon_core.package_identification:_identify(src) by extension 'ros'
[0.136s] Level 1:colcon.colcon_core.package_identification:_identify(src) by extensions ['cmake', 'python']
[0.136s] Level 1:colcon.colcon_core.package_identification:_identify(src) by extension 'cmake'
[0.136s] Level 1:colcon.colcon_core.package_identification:_identify(src) by extension 'python'
[0.136s] Level 1:colcon.colcon_core.package_identification:_identify(src) by extensions ['python_setup_py']
[0.136s] Level 1:colcon.colcon_core.package_identification:_identify(src) by extension 'python_setup_py'
[0.136s] Level 1:colcon.colcon_core.package_identification:_identify(src/rudra_gazebo) by extensions ['ignore', 'ignore_ament_install']
[0.136s] Level 1:colcon.colcon_core.package_identification:_identify(src/rudra_gazebo) by extension 'ignore'
[0.136s] Level 1:colcon.colcon_core.package_identification:_identify(src/rudra_gazebo) by extension 'ignore_ament_install'
[0.136s] Level 1:colcon.colcon_core.package_identification:_identify(src/rudra_gazebo) by extensions ['colcon_pkg']
[0.136s] Level 1:colcon.colcon_core.package_identification:_identify(src/rudra_gazebo) by extension 'colcon_pkg'
[0.136s] Level 1:colcon.colcon_core.package_identification:_identify(src/rudra_gazebo) by extensions ['colcon_meta']
[0.136s] Level 1:colcon.colcon_core.package_identification:_identify(src/rudra_gazebo) by extension 'colcon_meta'
[0.136s] Level 1:colcon.colcon_core.package_identification:_identify(src/rudra_gazebo) by extensions ['ros']
[0.136s] Level 1:colcon.colcon_core.package_identification:_identify(src/rudra_gazebo) by extension 'ros'
[0.138s] DEBUG:colcon.colcon_core.package_identification:Package 'src/rudra_gazebo' with type 'ros.ament_cmake' and name 'rudra_gazebo'
[0.138s] Level 1:colcon.colcon_core.package_identification:_identify(src/sparc_description) by extensions ['ignore', 'ignore_ament_install']
[0.138s] Level 1:colcon.colcon_core.package_identification:_identify(src/sparc_description) by extension 'ignore'
[0.139s] Level 1:colcon.colcon_core.package_identification:_identify(src/sparc_description) by extension 'ignore_ament_install'
[0.139s] Level 1:colcon.colcon_core.package_identification:_identify(src/sparc_description) by extensions ['colcon_pkg']
[0.139s] Level 1:colcon.colcon_core.package_identification:_identify(src/sparc_description) by extension 'colcon_pkg'
[0.139s] Level 1:colcon.colcon_core.package_identification:_identify(src/sparc_description) by extensions ['colcon_meta']
[0.139s] Level 1:colcon.colcon_core.package_identification:_identify(src/sparc_description) by extension 'colcon_meta'
[0.139s] Level 1:colcon.colcon_core.package_identification:_identify(src/sparc_description) by extensions ['ros']
[0.139s] Level 1:colcon.colcon_core.package_identification:_identify(src/sparc_description) by extension 'ros'
[0.139s] DEBUG:colcon.colcon_core.package_identification:Package 'src/sparc_description' with type 'ros.ament_cmake' and name 'sparc_description'
[0.139s] Level 1:colcon.colcon_core.package_identification:_identify(src/sparc_nav) by extensions ['ignore', 'ignore_ament_install']
[0.139s] Level 1:colcon.colcon_core.package_identification:_identify(src/sparc_nav) by extension 'ignore'
[0.139s] Level 1:colcon.colcon_core.package_identification:_identify(src/sparc_nav) by extension 'ignore_ament_install'
[0.139s] Level 1:colcon.colcon_core.package_identification:_identify(src/sparc_nav) by extensions ['colcon_pkg']
[0.139s] Level 1:colcon.colcon_core.package_identification:_identify(src/sparc_nav) by extension 'colcon_pkg'
[0.139s] Level 1:colcon.colcon_core.package_identification:_identify(src/sparc_nav) by extensions ['colcon_meta']
[0.139s] Level 1:colcon.colcon_core.package_identification:_identify(src/sparc_nav) by extension 'colcon_meta'
[0.139s] Level 1:colcon.colcon_core.package_identification:_identify(src/sparc_nav) by extensions ['ros']
[0.139s] Level 1:colcon.colcon_core.package_identification:_identify(src/sparc_nav) by extension 'ros'
[0.140s] DEBUG:colcon.colcon_core.package_identification:Package 'src/sparc_nav' with type 'ros.ament_cmake' and name 'sparc_nav'
[0.140s] Level 1:colcon.colcon_core.package_identification:_identify(src/stair_detector) by extensions ['ignore', 'ignore_ament_install']
[0.140s] Level 1:colcon.colcon_core.package_identification:_identify(src/stair_detector) by extension 'ignore'
[0.140s] Level 1:colcon.colcon_core.package_identification:_identify(src/stair_detector) by extension 'ignore_ament_install'
[0.140s] Level 1:colcon.colcon_core.package_identification:_identify(src/stair_detector) by extensions ['colcon_pkg']
[0.140s] Level 1:colcon.colcon_core.package_identification:_identify(src/stair_detector) by extension 'colcon_pkg'
[0.140s] Level 1:colcon.colcon_core.package_identification:_identify(src/stair_detector) by extensions ['colcon_meta']
[0.140s] Level 1:colcon.colcon_core.package_identification:_identify(src/stair_detector) by extension 'colcon_meta'
[0.140s] Level 1:colcon.colcon_core.package_identification:_identify(src/stair_detector) by extensions ['ros']
[0.140s] Level 1:colcon.colcon_core.package_identification:_identify(src/stair_detector) by extension 'ros'
[0.140s] DEBUG:colcon.colcon_core.package_identification:Package 'src/stair_detector' with type 'ros.ament_python' and name 'stair_detector'
[0.140s] Level 1:colcon.colcon_core.package_discovery:discover_packages(recursive) using defaults
[0.140s] Level 1:colcon.colcon_core.package_discovery:discover_packages(ignore) discover
[0.140s] Level 1:colcon.colcon_core.package_discovery:discover_packages(ignore) using defaults
[0.140s] Level 1:colcon.colcon_core.package_discovery:discover_packages(path) discover
[0.140s] Level 1:colcon.colcon_core.package_discovery:discover_packages(path) using defaults
[0.155s] Level 1:colcon.colcon_core.package_discovery:discover_packages(prefix_path) check parameters
[0.155s] Level 1:colcon.colcon_core.package_discovery:discover_packages(prefix_path) discover
[0.157s] DEBUG:colcon.colcon_installed_package_information.package_discovery:Found 3 installed packages in /home/swetank/sparc-rudra/ros2/install
[0.159s] DEBUG:colcon.colcon_installed_package_information.package_discovery:Found 369 installed packages in /opt/ros/jazzy
[0.160s] Level 1:colcon.colcon_core.package_discovery:discover_packages(prefix_path) using defaults
[0.197s] Level 5:colcon.colcon_core.verb:set package 'rudra_gazebo' build argument 'cmake_args' from command line to 'None'
[0.197s] Level 5:colcon.colcon_core.verb:set package 'rudra_gazebo' build argument 'cmake_target' from command line to 'None'
[0.197s] Level 5:colcon.colcon_core.verb:set package 'rudra_gazebo' build argument 'cmake_target_skip_unavailable' from command line to 'False'
[0.197s] Level 5:colcon.colcon_core.verb:set package 'rudra_gazebo' build argument 'cmake_clean_cache' from command line to 'False'
[0.197s] Level 5:colcon.colcon_core.verb:set package 'rudra_gazebo' build argument 'cmake_clean_first' from command line to 'False'
[0.197s] Level 5:colcon.colcon_core.verb:set package 'rudra_gazebo' build argument 'cmake_force_configure' from command line to 'False'
[0.197s] Level 5:colcon.colcon_core.verb:set package 'rudra_gazebo' build argument 'ament_cmake_args' from command line to 'None'
[0.197s] Level 5:colcon.colcon_core.verb:set package 'rudra_gazebo' build argument 'catkin_cmake_args' from command line to 'None'
[0.197s] Level 5:colcon.colcon_core.verb:set package 'rudra_gazebo' build argument 'catkin_skip_building_tests' from command line to 'False'
[0.197s] DEBUG:colcon.colcon_core.verb:Building package 'rudra_gazebo' with the following arguments: {'ament_cmake_args': None, 'build_base': '/home/swetank/sparc-rudra/ros2/build/rudra_gazebo', 'catkin_cmake_args': None, 'catkin_skip_building_tests': False, 'cmake_args': None, 'cmake_clean_cache': False, 'cmake_clean_first': False, 'cmake_force_configure': False, 'cmake_target': None, 'cmake_target_skip_unavailable': False, 'install_base': '/home/swetank/sparc-rudra/ros2/install/rudra_gazebo', 'merge_install': False, 'path': '/home/swetank/sparc-rudra/ros2/src/rudra_gazebo', 'symlink_install': True, 'test_result_base': None}
[0.197s] Level 5:colcon.colcon_core.verb:set package 'sparc_description' build argument 'cmake_args' from command line to 'None'
[0.197s] Level 5:colcon.colcon_core.verb:set package 'sparc_description' build argument 'cmake_target' from command line to 'None'
[0.198s] Level 5:colcon.colcon_core.verb:set package 'sparc_description' build argument 'cmake_target_skip_unavailable' from command line to 'False'
[0.198s] Level 5:colcon.colcon_core.verb:set package 'sparc_description' build argument 'cmake_clean_cache' from command line to 'False'
[0.198s] Level 5:colcon.colcon_core.verb:set package 'sparc_description' build argument 'cmake_clean_first' from command line to 'False'
[0.198s] Level 5:colcon.colcon_core.verb:set package 'sparc_description' build argument 'cmake_force_configure' from command line to 'False'
[0.198s] Level 5:colcon.colcon_core.verb:set package 'sparc_description' build argument 'ament_cmake_args' from command line to 'None'
[0.198s] Level 5:colcon.colcon_core.verb:set package 'sparc_description' build argument 'catkin_cmake_args' from command line to 'None'
[0.198s] Level 5:colcon.colcon_core.verb:set package 'sparc_description' build argument 'catkin_skip_building_tests' from command line to 'False'
[0.198s] DEBUG:colcon.colcon_core.verb:Building package 'sparc_description' with the following arguments: {'ament_cmake_args': None, 'build_base': '/home/swetank/sparc-rudra/ros2/build/sparc_description', 'catkin_cmake_args': None, 'catkin_skip_building_tests': False, 'cmake_args': None, 'cmake_clean_cache': False, 'cmake_clean_first': False, 'cmake_force_configure': False, 'cmake_target': None, 'cmake_target_skip_unavailable': False, 'install_base': '/home/swetank/sparc-rudra/ros2/install/sparc_description', 'merge_install': False, 'path': '/home/swetank/sparc-rudra/ros2/src/sparc_description', 'symlink_install': True, 'test_result_base': None}
[0.198s] Level 5:colcon.colcon_core.verb:set package 'sparc_nav' build argument 'cmake_args' from command line to 'None'
[0.198s] Level 5:colcon.colcon_core.verb:set package 'sparc_nav' build argument 'cmake_target' from command line to 'None'
[0.198s] Level 5:colcon.colcon_core.verb:set package 'sparc_nav' build argument 'cmake_target_skip_unavailable' from command line to 'False'
[0.198s] Level 5:colcon.colcon_core.verb:set package 'sparc_nav' build argument 'cmake_clean_cache' from command line to 'False'
[0.198s] Level 5:colcon.colcon_core.verb:set package 'sparc_nav' build argument 'cmake_clean_first' from command line to 'False'
[0.198s] Level 5:colcon.colcon_core.verb:set package 'sparc_nav' build argument 'cmake_force_configure' from command line to 'False'
[0.198s] Level 5:colcon.colcon_core.verb:set package 'sparc_nav' build argument 'ament_cmake_args' from command line to 'None'
[0.198s] Level 5:colcon.colcon_core.verb:set package 'sparc_nav' build argument 'catkin_cmake_args' from command line to 'None'
[0.198s] Level 5:colcon.colcon_core.verb:set package 'sparc_nav' build argument 'catkin_skip_building_tests' from command line to 'False'
[0.198s] DEBUG:colcon.colcon_core.verb:Building package 'sparc_nav' with the following arguments: {'ament_cmake_args': None, 'build_base': '/home/swetank/sparc-rudra/ros2/build/sparc_nav', 'catkin_cmake_args': None, 'catkin_skip_building_tests': False, 'cmake_args': None, 'cmake_clean_cache': False, 'cmake_clean_first': False, 'cmake_force_configure': False, 'cmake_target': None, 'cmake_target_skip_unavailable': False, 'install_base': '/home/swetank/sparc-rudra/ros2/install/sparc_nav', 'merge_install': False, 'path': '/home/swetank/sparc-rudra/ros2/src/sparc_nav', 'symlink_install': True, 'test_result_base': None}
[0.198s] Level 5:colcon.colcon_core.verb:set package 'stair_detector' build argument 'cmake_args' from command line to 'None'
[0.198s] Level 5:colcon.colcon_core.verb:set package 'stair_detector' build argument 'cmake_target' from command line to 'None'
[0.198s] Level 5:colcon.colcon_core.verb:set package 'stair_detector' build argument 'cmake_target_skip_unavailable' from command line to 'False'
[0.198s] Level 5:colcon.colcon_core.verb:set package 'stair_detector' build argument 'cmake_clean_cache' from command line to 'False'
[0.198s] Level 5:colcon.colcon_core.verb:set package 'stair_detector' build argument 'cmake_clean_first' from command line to 'False'
[0.198s] Level 5:colcon.colcon_core.verb:set package 'stair_detector' build argument 'cmake_force_configure' from command line to 'False'
[0.198s] Level 5:colcon.colcon_core.verb:set package 'stair_detector' build argument 'ament_cmake_args' from command line to 'None'
[0.198s] Level 5:colcon.colcon_core.verb:set package 'stair_detector' build argument 'catkin_cmake_args' from command line to 'None'
[0.198s] Level 5:colcon.colcon_core.verb:set package 'stair_detector' build argument 'catkin_skip_building_tests' from command line to 'False'
[0.198s] DEBUG:colcon.colcon_core.verb:Building package 'stair_detector' with the following arguments: {'ament_cmake_args': None, 'build_base': '/home/swetank/sparc-rudra/ros2/build/stair_detector', 'catkin_cmake_args': None, 'catkin_skip_building_tests': False, 'cmake_args': None, 'cmake_clean_cache': False, 'cmake_clean_first': False, 'cmake_force_configure': False, 'cmake_target': None, 'cmake_target_skip_unavailable': False, 'install_base': '/home/swetank/sparc-rudra/ros2/install/stair_detector', 'merge_install': False, 'path': '/home/swetank/sparc-rudra/ros2/src/stair_detector', 'symlink_install': True, 'test_result_base': None}
[0.198s] INFO:colcon.colcon_core.executor:Executing jobs using 'parallel' executor
[0.200s] DEBUG:colcon.colcon_parallel_executor.executor.parallel:run_until_complete
[0.200s] INFO:colcon.colcon_ros.task.ament_cmake.build:Building ROS package in '/home/swetank/sparc-rudra/ros2/src/rudra_gazebo' with build type 'ament_cmake'
[0.200s] INFO:colcon.colcon_cmake.task.cmake.build:Building CMake package in '/home/swetank/sparc-rudra/ros2/src/rudra_gazebo'
[0.201s] INFO:colcon.colcon_core.plugin_system:Skipping extension 'colcon_core.shell.bat': Not used on non-Windows systems
[0.201s] INFO:colcon.colcon_core.shell:Skip shell extension 'powershell' for command environment: Not usable outside of PowerShell
[0.201s] DEBUG:colcon.colcon_core.shell:Skip shell extension 'dsv' for command environment
[0.205s] INFO:colcon.colcon_ros.task.ament_cmake.build:Building ROS package in '/home/swetank/sparc-rudra/ros2/src/sparc_description' with build type 'ament_cmake'
[0.205s] INFO:colcon.colcon_cmake.task.cmake.build:Building CMake package in '/home/swetank/sparc-rudra/ros2/src/sparc_description'
[0.205s] INFO:colcon.colcon_core.shell:Skip shell extension 'powershell' for command environment: Not usable outside of PowerShell
[0.205s] DEBUG:colcon.colcon_core.shell:Skip shell extension 'dsv' for command environment
[0.209s] INFO:colcon.colcon_ros.task.ament_cmake.build:Building ROS package in '/home/swetank/sparc-rudra/ros2/src/sparc_nav' with build type 'ament_cmake'
[0.209s] INFO:colcon.colcon_cmake.task.cmake.build:Building CMake package in '/home/swetank/sparc-rudra/ros2/src/sparc_nav'
[0.209s] INFO:colcon.colcon_core.shell:Skip shell extension 'powershell' for command environment: Not usable outside of PowerShell
[0.209s] DEBUG:colcon.colcon_core.shell:Skip shell extension 'dsv' for command environment
[0.212s] INFO:colcon.colcon_ros.task.ament_python.build:Building ROS package in '/home/swetank/sparc-rudra/ros2/src/stair_detector' with build type 'ament_python'
[0.212s] Level 1:colcon.colcon_core.shell:create_environment_hook('stair_detector', 'ament_prefix_path')
[0.212s] INFO:colcon.colcon_core.shell:Creating environment hook '/home/swetank/sparc-rudra/ros2/install/stair_detector/share/stair_detector/hook/ament_prefix_path.ps1'
[0.213s] INFO:colcon.colcon_core.shell:Creating environment descriptor '/home/swetank/sparc-rudra/ros2/install/stair_detector/share/stair_detector/hook/ament_prefix_path.dsv'
[0.213s] INFO:colcon.colcon_core.shell:Creating environment hook '/home/swetank/sparc-rudra/ros2/install/stair_detector/share/stair_detector/hook/ament_prefix_path.sh'
[0.214s] INFO:colcon.colcon_core.shell:Skip shell extension 'powershell' for command environment: Not usable outside of PowerShell
[0.214s] DEBUG:colcon.colcon_core.shell:Skip shell extension 'dsv' for command environment
[0.221s] DEBUG:colcon.colcon_core.event_handler.log_command:Invoking command in '/home/swetank/sparc-rudra/ros2/build/rudra_gazebo': CMAKE_PREFIX_PATH=${CMAKE_PREFIX_PATH}:/home/swetank/sparc-rudra/ros2/install/stair_detector:/opt/ros/jazzy DEBUGINFOD_URLS=https://debuginfod.ubuntu.com /usr/bin/cmake --build /home/swetank/sparc-rudra/ros2/build/rudra_gazebo -- -j16 -l16
[0.223s] DEBUG:colcon.colcon_core.event_handler.log_command:Invoking command in '/home/swetank/sparc-rudra/ros2/build/sparc_description': CMAKE_PREFIX_PATH=${CMAKE_PREFIX_PATH}:/home/swetank/sparc-rudra/ros2/install/stair_detector:/opt/ros/jazzy DEBUGINFOD_URLS=https://debuginfod.ubuntu.com /usr/bin/cmake --build /home/swetank/sparc-rudra/ros2/build/sparc_description -- -j16 -l16
[0.225s] DEBUG:colcon.colcon_core.event_handler.log_command:Invoking command in '/home/swetank/sparc-rudra/ros2/build/sparc_nav': CMAKE_PREFIX_PATH=${CMAKE_PREFIX_PATH}:/home/swetank/sparc-rudra/ros2/install/stair_detector:/opt/ros/jazzy DEBUGINFOD_URLS=https://debuginfod.ubuntu.com /usr/bin/cmake /home/swetank/sparc-rudra/ros2/src/sparc_nav -DAMENT_CMAKE_SYMLINK_INSTALL=1 -DCMAKE_INSTALL_PREFIX=/home/swetank/sparc-rudra/ros2/install/sparc_nav
[0.415s] INFO:colcon.colcon_core.task.python.build:Building Python package in '/home/swetank/sparc-rudra/ros2/src/stair_detector'
[0.415s] INFO:colcon.colcon_core.shell:Skip shell extension 'powershell' for command environment: Not usable outside of PowerShell
[0.415s] DEBUG:colcon.colcon_core.shell:Skip shell extension 'dsv' for command environment
[0.419s] DEBUG:colcon.colcon_core.event_handler.log_command:Invoked command in '/home/swetank/sparc-rudra/ros2/build/rudra_gazebo' returned '0': CMAKE_PREFIX_PATH=${CMAKE_PREFIX_PATH}:/home/swetank/sparc-rudra/ros2/install/stair_detector:/opt/ros/jazzy DEBUGINFOD_URLS=https://debuginfod.ubuntu.com /usr/bin/cmake --build /home/swetank/sparc-rudra/ros2/build/rudra_gazebo -- -j16 -l16
[0.430s] DEBUG:colcon.colcon_core.event_handler.log_command:Invoking command in '/home/swetank/sparc-rudra/ros2/build/rudra_gazebo': CMAKE_PREFIX_PATH=${CMAKE_PREFIX_PATH}:/home/swetank/sparc-rudra/ros2/install/stair_detector:/opt/ros/jazzy DEBUGINFOD_URLS=https://debuginfod.ubuntu.com /usr/bin/cmake --install /home/swetank/sparc-rudra/ros2/build/rudra_gazebo
[0.431s] DEBUG:colcon.colcon_core.event_handler.log_command:Invoked command in '/home/swetank/sparc-rudra/ros2/build/sparc_description' returned '0': CMAKE_PREFIX_PATH=${CMAKE_PREFIX_PATH}:/home/swetank/sparc-rudra/ros2/install/stair_detector:/opt/ros/jazzy DEBUGINFOD_URLS=https://debuginfod.ubuntu.com /usr/bin/cmake --build /home/swetank/sparc-rudra/ros2/build/sparc_description -- -j16 -l16
[0.432s] DEBUG:colcon.colcon_core.event_handler.log_command:Invoking command in '/home/swetank/sparc-rudra/ros2/build/sparc_description': CMAKE_PREFIX_PATH=${CMAKE_PREFIX_PATH}:/home/swetank/sparc-rudra/ros2/install/stair_detector:/opt/ros/jazzy DEBUGINFOD_URLS=https://debuginfod.ubuntu.com /usr/bin/cmake --install /home/swetank/sparc-rudra/ros2/build/sparc_description
[0.455s] Level 1:colcon.colcon_core.environment:create_environment_scripts_only(rudra_gazebo)
[0.456s] DEBUG:colcon.colcon_core.event_handler.log_command:Invoked command in '/home/swetank/sparc-rudra/ros2/build/rudra_gazebo' returned '0': CMAKE_PREFIX_PATH=${CMAKE_PREFIX_PATH}:/home/swetank/sparc-rudra/ros2/install/stair_detector:/opt/ros/jazzy DEBUGINFOD_URLS=https://debuginfod.ubuntu.com /usr/bin/cmake --install /home/swetank/sparc-rudra/ros2/build/rudra_gazebo
[0.458s] Level 1:colcon.colcon_core.environment:checking '/home/swetank/sparc-rudra/ros2/install/rudra_gazebo' for CMake module files
[0.458s] Level 1:colcon.colcon_core.environment:checking '/home/swetank/sparc-rudra/ros2/install/rudra_gazebo' for CMake config files
[0.458s] Level 1:colcon.colcon_core.shell:create_environment_hook('rudra_gazebo', 'cmake_prefix_path')
[0.459s] INFO:colcon.colcon_core.shell:Creating environment hook '/home/swetank/sparc-rudra/ros2/install/rudra_gazebo/share/rudra_gazebo/hook/cmake_prefix_path.ps1'
[0.459s] INFO:colcon.colcon_core.shell:Creating environment descriptor '/home/swetank/sparc-rudra/ros2/install/rudra_gazebo/share/rudra_gazebo/hook/cmake_prefix_path.dsv'
[0.459s] INFO:colcon.colcon_core.shell:Creating environment hook '/home/swetank/sparc-rudra/ros2/install/rudra_gazebo/share/rudra_gazebo/hook/cmake_prefix_path.sh'
[0.460s] Level 1:colcon.colcon_core.environment:checking '/home/swetank/sparc-rudra/ros2/install/rudra_gazebo/bin'
[0.460s] Level 1:colcon.colcon_core.environment:checking '/home/swetank/sparc-rudra/ros2/install/rudra_gazebo/lib/pkgconfig/rudra_gazebo.pc'
[0.460s] Level 1:colcon.colcon_core.environment:checking '/home/swetank/sparc-rudra/ros2/install/rudra_gazebo/lib/python3.12/site-packages'
[0.460s] Level 1:colcon.colcon_core.environment:checking '/home/swetank/sparc-rudra/ros2/install/rudra_gazebo/bin'
[0.461s] INFO:colcon.colcon_core.shell:Creating package script '/home/swetank/sparc-rudra/ros2/install/rudra_gazebo/share/rudra_gazebo/package.ps1'
[0.461s] INFO:colcon.colcon_core.shell:Creating package descriptor '/home/swetank/sparc-rudra/ros2/install/rudra_gazebo/share/rudra_gazebo/package.dsv'
[0.462s] INFO:colcon.colcon_core.shell:Creating package script '/home/swetank/sparc-rudra/ros2/install/rudra_gazebo/share/rudra_gazebo/package.sh'
[0.462s] INFO:colcon.colcon_core.shell:Creating package script '/home/swetank/sparc-rudra/ros2/install/rudra_gazebo/share/rudra_gazebo/package.bash'
[0.463s] INFO:colcon.colcon_core.shell:Creating package script '/home/swetank/sparc-rudra/ros2/install/rudra_gazebo/share/rudra_gazebo/package.zsh'
[0.463s] Level 1:colcon.colcon_core.environment:create_file_with_runtime_dependencies(/home/swetank/sparc-rudra/ros2/install/rudra_gazebo/share/colcon-core/packages/rudra_gazebo)
[0.464s] Level 1:colcon.colcon_core.environment:create_environment_scripts_only(rudra_gazebo)
[0.464s] Level 1:colcon.colcon_core.environment:checking '/home/swetank/sparc-rudra/ros2/install/rudra_gazebo' for CMake module files
[0.464s] Level 1:colcon.colcon_core.environment:checking '/home/swetank/sparc-rudra/ros2/install/rudra_gazebo' for CMake config files
[0.464s] Level 1:colcon.colcon_core.shell:create_environment_hook('rudra_gazebo', 'cmake_prefix_path')
[0.464s] INFO:colcon.colcon_core.shell:Creating environment hook '/home/swetank/sparc-rudra/ros2/install/rudra_gazebo/share/rudra_gazebo/hook/cmake_prefix_path.ps1'
[0.465s] INFO:colcon.colcon_core.shell:Creating environment descriptor '/home/swetank/sparc-rudra/ros2/install/rudra_gazebo/share/rudra_gazebo/hook/cmake_prefix_path.dsv'
[0.465s] INFO:colcon.colcon_core.shell:Creating environment hook '/home/swetank/sparc-rudra/ros2/install/rudra_gazebo/share/rudra_gazebo/hook/cmake_prefix_path.sh'
[0.465s] Level 1:colcon.colcon_core.environment:checking '/home/swetank/sparc-rudra/ros2/install/rudra_gazebo/bin'
[0.465s] Level 1:colcon.colcon_core.environment:checking '/home/swetank/sparc-rudra/ros2/install/rudra_gazebo/lib/pkgconfig/rudra_gazebo.pc'
[0.465s] Level 1:colcon.colcon_core.environment:checking '/home/swetank/sparc-rudra/ros2/install/rudra_gazebo/lib/python3.12/site-packages'
[0.466s] Level 1:colcon.colcon_core.environment:checking '/home/swetank/sparc-rudra/ros2/install/rudra_gazebo/bin'
[0.466s] INFO:colcon.colcon_core.shell:Creating package script '/home/swetank/sparc-rudra/ros2/install/rudra_gazebo/share/rudra_gazebo/package.ps1'
[0.466s] INFO:colcon.colcon_core.shell:Creating package descriptor '/home/swetank/sparc-rudra/ros2/install/rudra_gazebo/share/rudra_gazebo/package.dsv'
[0.467s] INFO:colcon.colcon_core.shell:Creating package script '/home/swetank/sparc-rudra/ros2/install/rudra_gazebo/share/rudra_gazebo/package.sh'
[0.467s] INFO:colcon.colcon_core.shell:Creating package script '/home/swetank/sparc-rudra/ros2/install/rudra_gazebo/share/rudra_gazebo/package.bash'
[0.468s] INFO:colcon.colcon_core.shell:Creating package script '/home/swetank/sparc-rudra/ros2/install/rudra_gazebo/share/rudra_gazebo/package.zsh'
[0.468s] Level 1:colcon.colcon_core.environment:create_file_with_runtime_dependencies(/home/swetank/sparc-rudra/ros2/install/rudra_gazebo/share/colcon-core/packages/rudra_gazebo)
[0.469s] Level 1:colcon.colcon_core.environment:create_environment_scripts_only(sparc_description)
[0.469s] Level 1:colcon.colcon_core.environment:checking '/home/swetank/sparc-rudra/ros2/install/sparc_description' for CMake module files
[0.470s] DEBUG:colcon.colcon_core.event_handler.log_command:Invoked command in '/home/swetank/sparc-rudra/ros2/build/sparc_description' returned '0': CMAKE_PREFIX_PATH=${CMAKE_PREFIX_PATH}:/home/swetank/sparc-rudra/ros2/install/stair_detector:/opt/ros/jazzy DEBUGINFOD_URLS=https://debuginfod.ubuntu.com /usr/bin/cmake --install /home/swetank/sparc-rudra/ros2/build/sparc_description
[0.470s] Level 1:colcon.colcon_core.environment:checking '/home/swetank/sparc-rudra/ros2/install/sparc_description' for CMake config files
[0.470s] Level 1:colcon.colcon_core.shell:create_environment_hook('sparc_description', 'cmake_prefix_path')
[0.471s] INFO:colcon.colcon_core.shell:Creating environment hook '/home/swetank/sparc-rudra/ros2/install/sparc_description/share/sparc_description/hook/cmake_prefix_path.ps1'
[0.471s] INFO:colcon.colcon_core.shell:Creating environment descriptor '/home/swetank/sparc-rudra/ros2/install/sparc_description/share/sparc_description/hook/cmake_prefix_path.dsv'
[0.471s] INFO:colcon.colcon_core.shell:Creating environment hook '/home/swetank/sparc-rudra/ros2/install/sparc_description/share/sparc_description/hook/cmake_prefix_path.sh'
[0.472s] Level 1:colcon.colcon_core.environment:checking '/home/swetank/sparc-rudra/ros2/install/sparc_description/bin'
[0.472s] Level 1:colcon.colcon_core.environment:checking '/home/swetank/sparc-rudra/ros2/install/sparc_description/lib/pkgconfig/sparc_description.pc'
[0.472s] Level 1:colcon.colcon_core.environment:checking '/home/swetank/sparc-rudra/ros2/install/sparc_description/lib/python3.12/site-packages'
[0.472s] Level 1:colcon.colcon_core.environment:checking '/home/swetank/sparc-rudra/ros2/install/sparc_description/bin'
[0.472s] INFO:colcon.colcon_core.shell:Creating package script '/home/swetank/sparc-rudra/ros2/install/sparc_description/share/sparc_description/package.ps1'
[0.473s] INFO:colcon.colcon_core.shell:Creating package descriptor '/home/swetank/sparc-rudra/ros2/install/sparc_description/share/sparc_description/package.dsv'
[0.473s] INFO:colcon.colcon_core.shell:Creating package script '/home/swetank/sparc-rudra/ros2/install/sparc_description/share/sparc_description/package.sh'
[0.473s] INFO:colcon.colcon_core.shell:Creating package script '/home/swetank/sparc-rudra/ros2/install/sparc_description/share/sparc_description/package.bash'
[0.474s] INFO:colcon.colcon_core.shell:Creating package script '/home/swetank/sparc-rudra/ros2/install/sparc_description/share/sparc_description/package.zsh'
[0.474s] Level 1:colcon.colcon_core.environment:create_file_with_runtime_dependencies(/home/swetank/sparc-rudra/ros2/install/sparc_description/share/colcon-core/packages/sparc_description)
[0.475s] Level 1:colcon.colcon_core.environment:create_environment_scripts_only(sparc_description)
[0.475s] Level 1:colcon.colcon_core.environment:checking '/home/swetank/sparc-rudra/ros2/install/sparc_description' for CMake module files
[0.475s] Level 1:colcon.colcon_core.environment:checking '/home/swetank/sparc-rudra/ros2/install/sparc_description' for CMake config files
[0.476s] Level 1:colcon.colcon_core.shell:create_environment_hook('sparc_description', 'cmake_prefix_path')
[0.476s] INFO:colcon.colcon_core.shell:Creating environment hook '/home/swetank/sparc-rudra/ros2/install/sparc_description/share/sparc_description/hook/cmake_prefix_path.ps1'
[0.476s] INFO:colcon.colcon_core.shell:Creating environment descriptor '/home/swetank/sparc-rudra/ros2/install/sparc_description/share/sparc_description/hook/cmake_prefix_path.dsv'
[0.477s] INFO:colcon.colcon_core.shell:Creating environment hook '/home/swetank/sparc-rudra/ros2/install/sparc_description/share/sparc_description/hook/cmake_prefix_path.sh'
[0.477s] Level 1:colcon.colcon_core.environment:checking '/home/swetank/sparc-rudra/ros2/install/sparc_description/bin'
[0.477s] Level 1:colcon.colcon_core.environment:checking '/home/swetank/sparc-rudra/ros2/install/sparc_description/lib/pkgconfig/sparc_description.pc'
[0.477s] Level 1:colcon.colcon_core.environment:checking '/home/swetank/sparc-rudra/ros2/install/sparc_description/lib/python3.12/site-packages'
[0.478s] Level 1:colcon.colcon_core.environment:checking '/home/swetank/sparc-rudra/ros2/install/sparc_description/bin'
[0.478s] INFO:colcon.colcon_core.shell:Creating package script '/home/swetank/sparc-rudra/ros2/install/sparc_description/share/sparc_description/package.ps1'
[0.478s] INFO:colcon.colcon_core.shell:Creating package descriptor '/home/swetank/sparc-rudra/ros2/install/sparc_description/share/sparc_description/package.dsv'
[0.479s] INFO:colcon.colcon_core.shell:Creating package script '/home/swetank/sparc-rudra/ros2/install/sparc_description/share/sparc_description/package.sh'
[0.479s] INFO:colcon.colcon_core.shell:Creating package script '/home/swetank/sparc-rudra/ros2/install/sparc_description/share/sparc_description/package.bash'
[0.479s] INFO:colcon.colcon_core.shell:Creating package script '/home/swetank/sparc-rudra/ros2/install/sparc_description/share/sparc_description/package.zsh'
[0.480s] Level 1:colcon.colcon_core.environment:create_file_with_runtime_dependencies(/home/swetank/sparc-rudra/ros2/install/sparc_description/share/colcon-core/packages/sparc_description)
[0.887s] DEBUG:colcon.colcon_core.event_handler.log_command:Invoking command in '/home/swetank/sparc-rudra/ros2/build/stair_detector': DEBUGINFOD_URLS=https://debuginfod.ubuntu.com PYTHONPATH=/home/swetank/sparc-rudra/ros2/build/stair_detector/prefix_override:/usr/lib/python3/dist-packages/colcon_core/task/python/colcon_distutils_commands:/home/swetank/sparc-rudra/ros2/install/stair_detector/lib/python3.12/site-packages:${PYTHONPATH} /usr/bin/python3 -W ignore:setup.py install is deprecated -W ignore:easy_install command is deprecated setup.py develop --editable --build-directory /home/swetank/sparc-rudra/ros2/build/stair_detector/build --no-deps symlink_data
[0.971s] DEBUG:colcon.colcon_core.event_handler.log_command:Invoked command in '/home/swetank/sparc-rudra/ros2/build/sparc_nav' returned '0': CMAKE_PREFIX_PATH=${CMAKE_PREFIX_PATH}:/home/swetank/sparc-rudra/ros2/install/stair_detector:/opt/ros/jazzy DEBUGINFOD_URLS=https://debuginfod.ubuntu.com /usr/bin/cmake /home/swetank/sparc-rudra/ros2/src/sparc_nav -DAMENT_CMAKE_SYMLINK_INSTALL=1 -DCMAKE_INSTALL_PREFIX=/home/swetank/sparc-rudra/ros2/install/sparc_nav
[0.971s] DEBUG:colcon.colcon_core.event_handler.log_command:Invoking command in '/home/swetank/sparc-rudra/ros2/build/sparc_nav': CMAKE_PREFIX_PATH=${CMAKE_PREFIX_PATH}:/home/swetank/sparc-rudra/ros2/install/stair_detector:/opt/ros/jazzy DEBUGINFOD_URLS=https://debuginfod.ubuntu.com /usr/bin/cmake --build /home/swetank/sparc-rudra/ros2/build/sparc_nav -- -j16 -l16
[1.017s] DEBUG:colcon.colcon_core.event_handler.log_command:Invoked command in '/home/swetank/sparc-rudra/ros2/build/sparc_nav' returned '0': CMAKE_PREFIX_PATH=${CMAKE_PREFIX_PATH}:/home/swetank/sparc-rudra/ros2/install/stair_detector:/opt/ros/jazzy DEBUGINFOD_URLS=https://debuginfod.ubuntu.com /usr/bin/cmake --build /home/swetank/sparc-rudra/ros2/build/sparc_nav -- -j16 -l16
[1.018s] DEBUG:colcon.colcon_core.event_handler.log_command:Invoking command in '/home/swetank/sparc-rudra/ros2/build/sparc_nav': CMAKE_PREFIX_PATH=${CMAKE_PREFIX_PATH}:/home/swetank/sparc-rudra/ros2/install/stair_detector:/opt/ros/jazzy DEBUGINFOD_URLS=https://debuginfod.ubuntu.com /usr/bin/cmake --install /home/swetank/sparc-rudra/ros2/build/sparc_nav
[1.203s] DEBUG:colcon.colcon_core.event_handler.log_command:Invoked command in '/home/swetank/sparc-rudra/ros2/build/sparc_nav' returned '1': CMAKE_PREFIX_PATH=${CMAKE_PREFIX_PATH}:/home/swetank/sparc-rudra/ros2/install/stair_detector:/opt/ros/jazzy DEBUGINFOD_URLS=https://debuginfod.ubuntu.com /usr/bin/cmake --install /home/swetank/sparc-rudra/ros2/build/sparc_nav
[1.204s] Level 1:colcon.colcon_core.environment:create_environment_scripts_only(sparc_nav)
[1.204s] Level 1:colcon.colcon_core.environment:checking '/home/swetank/sparc-rudra/ros2/install/sparc_nav' for CMake module files
[1.204s] Level 1:colcon.colcon_core.environment:checking '/home/swetank/sparc-rudra/ros2/install/sparc_nav' for CMake config files
[1.205s] Level 1:colcon.colcon_core.shell:create_environment_hook('sparc_nav', 'cmake_prefix_path')
[1.205s] INFO:colcon.colcon_core.shell:Creating environment hook '/home/swetank/sparc-rudra/ros2/install/sparc_nav/share/sparc_nav/hook/cmake_prefix_path.ps1'
[1.205s] INFO:colcon.colcon_core.shell:Creating environment descriptor '/home/swetank/sparc-rudra/ros2/install/sparc_nav/share/sparc_nav/hook/cmake_prefix_path.dsv'
[1.205s] INFO:colcon.colcon_core.shell:Creating environment hook '/home/swetank/sparc-rudra/ros2/install/sparc_nav/share/sparc_nav/hook/cmake_prefix_path.sh'
[1.206s] Level 1:colcon.colcon_core.environment:checking '/home/swetank/sparc-rudra/ros2/install/sparc_nav/bin'
[1.206s] Level 1:colcon.colcon_core.environment:checking '/home/swetank/sparc-rudra/ros2/install/sparc_nav/lib/pkgconfig/sparc_nav.pc'
[1.206s] Level 1:colcon.colcon_core.environment:checking '/home/swetank/sparc-rudra/ros2/install/sparc_nav/lib/python3.12/site-packages'
[1.206s] Level 1:colcon.colcon_core.environment:checking '/home/swetank/sparc-rudra/ros2/install/sparc_nav/bin'
[1.207s] INFO:colcon.colcon_core.shell:Creating package script '/home/swetank/sparc-rudra/ros2/install/sparc_nav/share/sparc_nav/package.ps1'
[1.207s] INFO:colcon.colcon_core.shell:Creating package descriptor '/home/swetank/sparc-rudra/ros2/install/sparc_nav/share/sparc_nav/package.dsv'
[1.207s] INFO:colcon.colcon_core.shell:Creating package script '/home/swetank/sparc-rudra/ros2/install/sparc_nav/share/sparc_nav/package.sh'
[1.207s] INFO:colcon.colcon_core.shell:Creating package script '/home/swetank/sparc-rudra/ros2/install/sparc_nav/share/sparc_nav/package.bash'
[1.208s] INFO:colcon.colcon_core.shell:Creating package script '/home/swetank/sparc-rudra/ros2/install/sparc_nav/share/sparc_nav/package.zsh'
[1.208s] Level 1:colcon.colcon_core.environment:create_file_with_runtime_dependencies(/home/swetank/sparc-rudra/ros2/install/sparc_nav/share/colcon-core/packages/sparc_nav)
[1.373s] DEBUG:colcon.colcon_parallel_executor.executor.parallel:closing loop
[1.373s] DEBUG:colcon.colcon_parallel_executor.executor.parallel:loop closed
[1.373s] DEBUG:colcon.colcon_parallel_executor.executor.parallel:run_until_complete finished with '1'
[1.373s] DEBUG:colcon.colcon_core.event_reactor:joining thread
[1.378s] INFO:colcon.colcon_core.plugin_system:Skipping extension 'colcon_notification.desktop_notification.terminal_notifier': Not used on non-Darwin systems
[1.378s] INFO:colcon.colcon_core.plugin_system:Skipping extension 'colcon_notification.desktop_notification.win32': Not used on non-Windows systems
[1.378s] INFO:colcon.colcon_notification.desktop_notification:Sending desktop notification using 'notify2'
[1.397s] DEBUG:colcon.colcon_core.event_reactor:joined thread
[1.397s] INFO:colcon.colcon_core.shell:Creating prefix script '/home/swetank/sparc-rudra/ros2/install/local_setup.ps1'
[1.398s] INFO:colcon.colcon_core.shell:Creating prefix util module '/home/swetank/sparc-rudra/ros2/install/_local_setup_util_ps1.py'
[1.399s] INFO:colcon.colcon_core.shell:Creating prefix chain script '/home/swetank/sparc-rudra/ros2/install/setup.ps1'
[1.400s] INFO:colcon.colcon_core.shell:Creating prefix script '/home/swetank/sparc-rudra/ros2/install/local_setup.sh'
[1.400s] INFO:colcon.colcon_core.shell:Creating prefix util module '/home/swetank/sparc-rudra/ros2/install/_local_setup_util_sh.py'
[1.401s] INFO:colcon.colcon_core.shell:Creating prefix chain script '/home/swetank/sparc-rudra/ros2/install/setup.sh'
[1.402s] INFO:colcon.colcon_core.shell:Creating prefix script '/home/swetank/sparc-rudra/ros2/install/local_setup.bash'
[1.402s] INFO:colcon.colcon_core.shell:Creating prefix chain script '/home/swetank/sparc-rudra/ros2/install/setup.bash'
[1.403s] INFO:colcon.colcon_core.shell:Creating prefix script '/home/swetank/sparc-rudra/ros2/install/local_setup.zsh'
[1.403s] INFO:colcon.colcon_core.shell:Creating prefix chain script '/home/swetank/sparc-rudra/ros2/install/setup.zsh'
