[0.076s] DEBUG:colcon:Command line arguments: ['/usr/bin/colcon', 'build', '--symlink-install']
[0.076s] DEBUG:colcon:Parsed command line arguments: Namespace(log_base=None, log_level=None, verb_name='build', build_base='build', install_base='install', merge_install=False, symlink_install=True, test_result_base=None, continue_on_error=False, executor='parallel', parallel_workers=16, event_handlers=None, ignore_user_meta=False, metas=['./colcon.meta'], base_paths=['.'], packages_ignore=None, packages_ignore_regex=None, paths=None, packages_up_to=None, packages_up_to_regex=None, packages_above=None, packages_above_and_dependencies=None, packages_above_depth=None, packages_select_by_dep=None, packages_skip_by_dep=None, packages_skip_up_to=None, packages_select_build_failed=False, packages_skip_build_finished=False, packages_select_test_failures=False, packages_skip_test_passed=False, packages_select=None, packages_skip=None, packages_select_regex=None, packages_skip_regex=None, packages_start=None, packages_end=None, allow_overriding=[], cmake_args=None, cmake_target=None, cmake_target_skip_unavailable=False, cmake_clean_cache=False, cmake_clean_first=False, cmake_force_configure=False, ament_cmake_args=None, catkin_cmake_args=None, catkin_skip_building_tests=False, verb_parser=<colcon_defaults.argument_parser.defaults.DefaultArgumentsDecorator object at 0x781c01b76ba0>, verb_extension=<colcon_core.verb.build.BuildVerb object at 0x781c01b1a300>, main=<bound method BuildVerb.main of <colcon_core.verb.build.BuildVerb object at 0x781c01b1a300>>)
[0.108s] Level 1:colcon.colcon_core.package_discovery:discover_packages(colcon_meta) check parameters
[0.108s] Level 1:colcon.colcon_core.package_discovery:discover_packages(recursive) check parameters
[0.108s] Level 1:colcon.colcon_core.package_discovery:discover_packages(ignore) check parameters
[0.108s] Level 1:colcon.colcon_core.package_discovery:discover_packages(path) check parameters
[0.108s] Level 1:colcon.colcon_core.package_discovery:discover_packages(colcon_meta) discover
[0.108s] Level 1:colcon.colcon_core.package_discovery:discover_packages(recursive) discover
[0.108s] INFO:colcon.colcon_core.package_discovery:Crawling recursively for packages in '/home/swetank/sparc-rudra/ros2'
[0.108s] Level 1:colcon.colcon_core.package_identification:_identify(.) by extensions ['ignore', 'ignore_ament_install']
[0.109s] Level 1:colcon.colcon_core.package_identification:_identify(.) by extension 'ignore'
[0.109s] Level 1:colcon.colcon_core.package_identification:_identify(.) by extension 'ignore_ament_install'
[0.109s] Level 1:colcon.colcon_core.package_identification:_identify(.) by extensions ['colcon_pkg']
[0.109s] Level 1:colcon.colcon_core.package_identification:_identify(.) by extension 'colcon_pkg'
[0.109s] Level 1:colcon.colcon_core.package_identification:_identify(.) by extensions ['colcon_meta']
[0.109s] Level 1:colcon.colcon_core.package_identification:_identify(.) by extension 'colcon_meta'
[0.109s] Level 1:colcon.colcon_core.package_identification:_identify(.) by extensions ['ros']
[0.109s] Level 1:colcon.colcon_core.package_identification:_identify(.) by extension 'ros'
[0.131s] Level 1:colcon.colcon_core.package_identification:_identify(.) by extensions ['cmake', 'python']
[0.131s] Level 1:colcon.colcon_core.package_identification:_identify(.) by extension 'cmake'
[0.131s] Level 1:colcon.colcon_core.package_identification:_identify(.) by extension 'python'
[0.131s] Level 1:colcon.colcon_core.package_identification:_identify(.) by extensions ['python_setup_py']
[0.131s] Level 1:colcon.colcon_core.package_identification:_identify(.) by extension 'python_setup_py'
[0.131s] Level 1:colcon.colcon_core.package_identification:_identify(build) by extensions ['ignore', 'ignore_ament_install']
[0.131s] Level 1:colcon.colcon_core.package_identification:_identify(build) by extension 'ignore'
[0.131s] Level 1:colcon.colcon_core.package_identification:_identify(build) ignored
[0.131s] Level 1:colcon.colcon_core.package_identification:_identify(install) by extensions ['ignore', 'ignore_ament_install']
[0.131s] Level 1:colcon.colcon_core.package_identification:_identify(install) by extension 'ignore'
[0.131s] Level 1:colcon.colcon_core.package_identification:_identify(install) ignored
[0.131s] Level 1:colcon.colcon_core.package_identification:_identify(log) by extensions ['ignore', 'ignore_ament_install']
[0.131s] Level 1:colcon.colcon_core.package_identification:_identify(log) by extension 'ignore'
[0.131s] Level 1:colcon.colcon_core.package_identification:_identify(log) ignored
[0.131s] Level 1:colcon.colcon_core.package_identification:_identify(src) by extensions ['ignore', 'ignore_ament_install']
[0.131s] Level 1:colcon.colcon_core.package_identification:_identify(src) by extension 'ignore'
[0.131s] Level 1:colcon.colcon_core.package_identification:_identify(src) by extension 'ignore_ament_install'
[0.131s] Level 1:colcon.colcon_core.package_identification:_identify(src) by extensions ['colcon_pkg']
[0.131s] Level 1:colcon.colcon_core.package_identification:_identify(src) by extension 'colcon_pkg'
[0.131s] Level 1:colcon.colcon_core.package_identification:_identify(src) by extensions ['colcon_meta']
[0.131s] Level 1:colcon.colcon_core.package_identification:_identify(src) by extension 'colcon_meta'
[0.131s] Level 1:colcon.colcon_core.package_identification:_identify(src) by extensions ['ros']
[0.132s] Level 1:colcon.colcon_core.package_identification:_identify(src) by extension 'ros'
[0.132s] Level 1:colcon.colcon_core.package_identification:_identify(src) by extensions ['cmake', 'python']
[0.132s] Level 1:colcon.colcon_core.package_identification:_identify(src) by extension 'cmake'
[0.132s] Level 1:colcon.colcon_core.package_identification:_identify(src) by extension 'python'
[0.132s] Level 1:colcon.colcon_core.package_identification:_identify(src) by extensions ['python_setup_py']
[0.132s] Level 1:colcon.colcon_core.package_identification:_identify(src) by extension 'python_setup_py'
[0.132s] Level 1:colcon.colcon_core.package_identification:_identify(src/rudra_gazebo) by extensions ['ignore', 'ignore_ament_install']
[0.132s] Level 1:colcon.colcon_core.package_identification:_identify(src/rudra_gazebo) by extension 'ignore'
[0.132s] Level 1:colcon.colcon_core.package_identification:_identify(src/rudra_gazebo) by extension 'ignore_ament_install'
[0.132s] Level 1:colcon.colcon_core.package_identification:_identify(src/rudra_gazebo) by extensions ['colcon_pkg']
[0.132s] Level 1:colcon.colcon_core.package_identification:_identify(src/rudra_gazebo) by extension 'colcon_pkg'
[0.132s] Level 1:colcon.colcon_core.package_identification:_identify(src/rudra_gazebo) by extensions ['colcon_meta']
[0.132s] Level 1:colcon.colcon_core.package_identification:_identify(src/rudra_gazebo) by extension 'colcon_meta'
[0.132s] Level 1:colcon.colcon_core.package_identification:_identify(src/rudra_gazebo) by extensions ['ros']
[0.132s] Level 1:colcon.colcon_core.package_identification:_identify(src/rudra_gazebo) by extension 'ros'
[0.134s] DEBUG:colcon.colcon_core.package_identification:Package 'src/rudra_gazebo' with type 'ros.ament_cmake' and name 'rudra_gazebo'
[0.134s] Level 1:colcon.colcon_core.package_identification:_identify(src/sparc_description) by extensions ['ignore', 'ignore_ament_install']
[0.134s] Level 1:colcon.colcon_core.package_identification:_identify(src/sparc_description) by extension 'ignore'
[0.134s] Level 1:colcon.colcon_core.package_identification:_identify(src/sparc_description) by extension 'ignore_ament_install'
[0.134s] Level 1:colcon.colcon_core.package_identification:_identify(src/sparc_description) by extensions ['colcon_pkg']
[0.134s] Level 1:colcon.colcon_core.package_identification:_identify(src/sparc_description) by extension 'colcon_pkg'
[0.134s] Level 1:colcon.colcon_core.package_identification:_identify(src/sparc_description) by extensions ['colcon_meta']
[0.134s] Level 1:colcon.colcon_core.package_identification:_identify(src/sparc_description) by extension 'colcon_meta'
[0.134s] Level 1:colcon.colcon_core.package_identification:_identify(src/sparc_description) by extensions ['ros']
[0.135s] Level 1:colcon.colcon_core.package_identification:_identify(src/sparc_description) by extension 'ros'
[0.135s] DEBUG:colcon.colcon_core.package_identification:Package 'src/sparc_description' with type 'ros.ament_cmake' and name 'sparc_description'
[0.135s] Level 1:colcon.colcon_core.package_identification:_identify(src/stair_detector) by extensions ['ignore', 'ignore_ament_install']
[0.135s] Level 1:colcon.colcon_core.package_identification:_identify(src/stair_detector) by extension 'ignore'
[0.135s] Level 1:colcon.colcon_core.package_identification:_identify(src/stair_detector) by extension 'ignore_ament_install'
[0.135s] Level 1:colcon.colcon_core.package_identification:_identify(src/stair_detector) by extensions ['colcon_pkg']
[0.135s] Level 1:colcon.colcon_core.package_identification:_identify(src/stair_detector) by extension 'colcon_pkg'
[0.135s] Level 1:colcon.colcon_core.package_identification:_identify(src/stair_detector) by extensions ['colcon_meta']
[0.135s] Level 1:colcon.colcon_core.package_identification:_identify(src/stair_detector) by extension 'colcon_meta'
[0.135s] Level 1:colcon.colcon_core.package_identification:_identify(src/stair_detector) by extensions ['ros']
[0.135s] Level 1:colcon.colcon_core.package_identification:_identify(src/stair_detector) by extension 'ros'
[0.135s] DEBUG:colcon.colcon_core.package_identification:Package 'src/stair_detector' with type 'ros.ament_python' and name 'stair_detector'
[0.135s] Level 1:colcon.colcon_core.package_discovery:discover_packages(recursive) using defaults
[0.135s] Level 1:colcon.colcon_core.package_discovery:discover_packages(ignore) discover
[0.135s] Level 1:colcon.colcon_core.package_discovery:discover_packages(ignore) using defaults
[0.135s] Level 1:colcon.colcon_core.package_discovery:discover_packages(path) discover
[0.135s] Level 1:colcon.colcon_core.package_discovery:discover_packages(path) using defaults
[0.149s] Level 1:colcon.colcon_core.package_discovery:discover_packages(prefix_path) check parameters
[0.149s] Level 1:colcon.colcon_core.package_discovery:discover_packages(prefix_path) discover
[0.149s] WARNING:colcon.colcon_ros.prefix_path.ament:The path '/home/swetank/sparc-rudra/ros2/install/stair_detector' in the environment variable AMENT_PREFIX_PATH doesn't exist
[0.149s] WARNING:colcon.colcon_ros.prefix_path.ament:The path '/home/swetank/sparc-rudra/ros2/install/sparc_description' in the environment variable AMENT_PREFIX_PATH doesn't exist
[0.149s] WARNING:colcon.colcon_ros.prefix_path.ament:The path '/home/swetank/sparc-rudra/ros2/install/rudra_gazebo' in the environment variable AMENT_PREFIX_PATH doesn't exist
[0.149s] WARNING:colcon.colcon_ros.prefix_path.catkin:The path '/home/swetank/sparc-rudra/ros2/install/sparc_description' in the environment variable CMAKE_PREFIX_PATH doesn't exist
[0.149s] WARNING:colcon.colcon_ros.prefix_path.catkin:The path '/home/swetank/sparc-rudra/ros2/install/rudra_gazebo' in the environment variable CMAKE_PREFIX_PATH doesn't exist
[0.150s] DEBUG:colcon.colcon_installed_package_information.package_discovery:Found 0 installed packages in /home/swetank/sparc-rudra/ros2/install
[0.151s] DEBUG:colcon.colcon_installed_package_information.package_discovery:Found 351 installed packages in /opt/ros/jazzy
[0.152s] Level 1:colcon.colcon_core.package_discovery:discover_packages(prefix_path) using defaults
[0.186s] Level 5:colcon.colcon_core.verb:set package 'rudra_gazebo' build argument 'cmake_args' from command line to 'None'
[0.186s] Level 5:colcon.colcon_core.verb:set package 'rudra_gazebo' build argument 'cmake_target' from command line to 'None'
[0.186s] Level 5:colcon.colcon_core.verb:set package 'rudra_gazebo' build argument 'cmake_target_skip_unavailable' from command line to 'False'
[0.186s] Level 5:colcon.colcon_core.verb:set package 'rudra_gazebo' build argument 'cmake_clean_cache' from command line to 'False'
[0.186s] Level 5:colcon.colcon_core.verb:set package 'rudra_gazebo' build argument 'cmake_clean_first' from command line to 'False'
[0.186s] Level 5:colcon.colcon_core.verb:set package 'rudra_gazebo' build argument 'cmake_force_configure' from command line to 'False'
[0.186s] Level 5:colcon.colcon_core.verb:set package 'rudra_gazebo' build argument 'ament_cmake_args' from command line to 'None'
[0.186s] Level 5:colcon.colcon_core.verb:set package 'rudra_gazebo' build argument 'catkin_cmake_args' from command line to 'None'
[0.186s] Level 5:colcon.colcon_core.verb:set package 'rudra_gazebo' build argument 'catkin_skip_building_tests' from command line to 'False'
[0.186s] DEBUG:colcon.colcon_core.verb:Building package 'rudra_gazebo' with the following arguments: {'ament_cmake_args': None, 'build_base': '/home/swetank/sparc-rudra/ros2/build/rudra_gazebo', 'catkin_cmake_args': None, 'catkin_skip_building_tests': False, 'cmake_args': None, 'cmake_clean_cache': False, 'cmake_clean_first': False, 'cmake_force_configure': False, 'cmake_target': None, 'cmake_target_skip_unavailable': False, 'install_base': '/home/swetank/sparc-rudra/ros2/install/rudra_gazebo', 'merge_install': False, 'path': '/home/swetank/sparc-rudra/ros2/src/rudra_gazebo', 'symlink_install': True, 'test_result_base': None}
[0.186s] Level 5:colcon.colcon_core.verb:set package 'sparc_description' build argument 'cmake_args' from command line to 'None'
[0.186s] Level 5:colcon.colcon_core.verb:set package 'sparc_description' build argument 'cmake_target' from command line to 'None'
[0.186s] Level 5:colcon.colcon_core.verb:set package 'sparc_description' build argument 'cmake_target_skip_unavailable' from command line to 'False'
[0.186s] Level 5:colcon.colcon_core.verb:set package 'sparc_description' build argument 'cmake_clean_cache' from command line to 'False'
[0.186s] Level 5:colcon.colcon_core.verb:set package 'sparc_description' build argument 'cmake_clean_first' from command line to 'False'
[0.186s] Level 5:colcon.colcon_core.verb:set package 'sparc_description' build argument 'cmake_force_configure' from command line to 'False'
[0.186s] Level 5:colcon.colcon_core.verb:set package 'sparc_description' build argument 'ament_cmake_args' from command line to 'None'
[0.186s] Level 5:colcon.colcon_core.verb:set package 'sparc_description' build argument 'catkin_cmake_args' from command line to 'None'
[0.186s] Level 5:colcon.colcon_core.verb:set package 'sparc_description' build argument 'catkin_skip_building_tests' from command line to 'False'
[0.186s] DEBUG:colcon.colcon_core.verb:Building package 'sparc_description' with the following arguments: {'ament_cmake_args': None, 'build_base': '/home/swetank/sparc-rudra/ros2/build/sparc_description', 'catkin_cmake_args': None, 'catkin_skip_building_tests': False, 'cmake_args': None, 'cmake_clean_cache': False, 'cmake_clean_first': False, 'cmake_force_configure': False, 'cmake_target': None, 'cmake_target_skip_unavailable': False, 'install_base': '/home/swetank/sparc-rudra/ros2/install/sparc_description', 'merge_install': False, 'path': '/home/swetank/sparc-rudra/ros2/src/sparc_description', 'symlink_install': True, 'test_result_base': None}
[0.187s] Level 5:colcon.colcon_core.verb:set package 'stair_detector' build argument 'cmake_args' from command line to 'None'
[0.187s] Level 5:colcon.colcon_core.verb:set package 'stair_detector' build argument 'cmake_target' from command line to 'None'
[0.187s] Level 5:colcon.colcon_core.verb:set package 'stair_detector' build argument 'cmake_target_skip_unavailable' from command line to 'False'
[0.187s] Level 5:colcon.colcon_core.verb:set package 'stair_detector' build argument 'cmake_clean_cache' from command line to 'False'
[0.187s] Level 5:colcon.colcon_core.verb:set package 'stair_detector' build argument 'cmake_clean_first' from command line to 'False'
[0.187s] Level 5:colcon.colcon_core.verb:set package 'stair_detector' build argument 'cmake_force_configure' from command line to 'False'
[0.187s] Level 5:colcon.colcon_core.verb:set package 'stair_detector' build argument 'ament_cmake_args' from command line to 'None'
[0.187s] Level 5:colcon.colcon_core.verb:set package 'stair_detector' build argument 'catkin_cmake_args' from command line to 'None'
[0.187s] Level 5:colcon.colcon_core.verb:set package 'stair_detector' build argument 'catkin_skip_building_tests' from command line to 'False'
[0.187s] DEBUG:colcon.colcon_core.verb:Building package 'stair_detector' with the following arguments: {'ament_cmake_args': None, 'build_base': '/home/swetank/sparc-rudra/ros2/build/stair_detector', 'catkin_cmake_args': None, 'catkin_skip_building_tests': False, 'cmake_args': None, 'cmake_clean_cache': False, 'cmake_clean_first': False, 'cmake_force_configure': False, 'cmake_target': None, 'cmake_target_skip_unavailable': False, 'install_base': '/home/swetank/sparc-rudra/ros2/install/stair_detector', 'merge_install': False, 'path': '/home/swetank/sparc-rudra/ros2/src/stair_detector', 'symlink_install': True, 'test_result_base': None}
[0.187s] INFO:colcon.colcon_core.executor:Executing jobs using 'parallel' executor
[0.188s] DEBUG:colcon.colcon_parallel_executor.executor.parallel:run_until_complete
[0.188s] INFO:colcon.colcon_ros.task.ament_cmake.build:Building ROS package in '/home/swetank/sparc-rudra/ros2/src/rudra_gazebo' with build type 'ament_cmake'
[0.188s] INFO:colcon.colcon_cmake.task.cmake.build:Building CMake package in '/home/swetank/sparc-rudra/ros2/src/rudra_gazebo'
[0.189s] INFO:colcon.colcon_core.plugin_system:Skipping extension 'colcon_core.shell.bat': Not used on non-Windows systems
[0.189s] INFO:colcon.colcon_core.shell:Skip shell extension 'powershell' for command environment: Not usable outside of PowerShell
[0.189s] DEBUG:colcon.colcon_core.shell:Skip shell extension 'dsv' for command environment
[0.192s] INFO:colcon.colcon_ros.task.ament_cmake.build:Building ROS package in '/home/swetank/sparc-rudra/ros2/src/sparc_description' with build type 'ament_cmake'
[0.192s] INFO:colcon.colcon_cmake.task.cmake.build:Building CMake package in '/home/swetank/sparc-rudra/ros2/src/sparc_description'
[0.192s] INFO:colcon.colcon_core.shell:Skip shell extension 'powershell' for command environment: Not usable outside of PowerShell
[0.192s] DEBUG:colcon.colcon_core.shell:Skip shell extension 'dsv' for command environment
[0.195s] INFO:colcon.colcon_ros.task.ament_python.build:Building ROS package in '/home/swetank/sparc-rudra/ros2/src/stair_detector' with build type 'ament_python'
[0.196s] Level 1:colcon.colcon_core.shell:create_environment_hook('stair_detector', 'ament_prefix_path')
[0.196s] INFO:colcon.colcon_core.shell:Creating environment hook '/home/swetank/sparc-rudra/ros2/install/stair_detector/share/stair_detector/hook/ament_prefix_path.ps1'
[0.196s] INFO:colcon.colcon_core.shell:Creating environment descriptor '/home/swetank/sparc-rudra/ros2/install/stair_detector/share/stair_detector/hook/ament_prefix_path.dsv'
[0.197s] INFO:colcon.colcon_core.shell:Creating environment hook '/home/swetank/sparc-rudra/ros2/install/stair_detector/share/stair_detector/hook/ament_prefix_path.sh'
[0.197s] INFO:colcon.colcon_core.shell:Skip shell extension 'powershell' for command environment: Not usable outside of PowerShell
[0.197s] DEBUG:colcon.colcon_core.shell:Skip shell extension 'dsv' for command environment
[0.202s] DEBUG:colcon.colcon_core.event_handler.log_command:Invoking command in '/home/swetank/sparc-rudra/ros2/build/rudra_gazebo': CMAKE_PREFIX_PATH=${CMAKE_PREFIX_PATH}:/home/swetank/sparc-rudra/ros2/install/stair_detector:/opt/ros/jazzy DEBUGINFOD_URLS=https://debuginfod.ubuntu.com /usr/bin/cmake /home/swetank/sparc-rudra/ros2/src/rudra_gazebo -DAMENT_CMAKE_SYMLINK_INSTALL=1 -DCMAKE_INSTALL_PREFIX=/home/swetank/sparc-rudra/ros2/install/rudra_gazebo
[0.205s] DEBUG:colcon.colcon_core.event_handler.log_command:Invoking command in '/home/swetank/sparc-rudra/ros2/build/sparc_description': CMAKE_PREFIX_PATH=${CMAKE_PREFIX_PATH}:/home/swetank/sparc-rudra/ros2/install/stair_detector:/opt/ros/jazzy DEBUGINFOD_URLS=https://debuginfod.ubuntu.com /usr/bin/cmake /home/swetank/sparc-rudra/ros2/src/sparc_description -DAMENT_CMAKE_SYMLINK_INSTALL=1 -DCMAKE_INSTALL_PREFIX=/home/swetank/sparc-rudra/ros2/install/sparc_description
[0.373s] INFO:colcon.colcon_core.task.python.build:Building Python package in '/home/swetank/sparc-rudra/ros2/src/stair_detector'
[0.373s] INFO:colcon.colcon_core.shell:Skip shell extension 'powershell' for command environment: Not usable outside of PowerShell
[0.373s] DEBUG:colcon.colcon_core.shell:Skip shell extension 'dsv' for command environment
[0.820s] DEBUG:colcon.colcon_core.event_handler.log_command:Invoking command in '/home/swetank/sparc-rudra/ros2/build/stair_detector': DEBUGINFOD_URLS=https://debuginfod.ubuntu.com PYTHONPATH=/home/swetank/sparc-rudra/ros2/build/stair_detector/prefix_override:/usr/lib/python3/dist-packages/colcon_core/task/python/colcon_distutils_commands:/home/swetank/sparc-rudra/ros2/install/stair_detector/lib/python3.12/site-packages:${PYTHONPATH} /usr/bin/python3 -W ignore:setup.py install is deprecated -W ignore:easy_install command is deprecated setup.py develop --editable --build-directory /home/swetank/sparc-rudra/ros2/build/stair_detector/build --no-deps symlink_data
[0.873s] DEBUG:colcon.colcon_core.event_handler.log_command:Invoked command in '/home/swetank/sparc-rudra/ros2/build/sparc_description' returned '0': CMAKE_PREFIX_PATH=${CMAKE_PREFIX_PATH}:/home/swetank/sparc-rudra/ros2/install/stair_detector:/opt/ros/jazzy DEBUGINFOD_URLS=https://debuginfod.ubuntu.com /usr/bin/cmake /home/swetank/sparc-rudra/ros2/src/sparc_description -DAMENT_CMAKE_SYMLINK_INSTALL=1 -DCMAKE_INSTALL_PREFIX=/home/swetank/sparc-rudra/ros2/install/sparc_description
[0.874s] DEBUG:colcon.colcon_core.event_handler.log_command:Invoking command in '/home/swetank/sparc-rudra/ros2/build/sparc_description': CMAKE_PREFIX_PATH=${CMAKE_PREFIX_PATH}:/home/swetank/sparc-rudra/ros2/install/stair_detector:/opt/ros/jazzy DEBUGINFOD_URLS=https://debuginfod.ubuntu.com /usr/bin/cmake --build /home/swetank/sparc-rudra/ros2/build/sparc_description -- -j16 -l16
[0.906s] DEBUG:colcon.colcon_core.event_handler.log_command:Invoked command in '/home/swetank/sparc-rudra/ros2/build/rudra_gazebo' returned '0': CMAKE_PREFIX_PATH=${CMAKE_PREFIX_PATH}:/home/swetank/sparc-rudra/ros2/install/stair_detector:/opt/ros/jazzy DEBUGINFOD_URLS=https://debuginfod.ubuntu.com /usr/bin/cmake /home/swetank/sparc-rudra/ros2/src/rudra_gazebo -DAMENT_CMAKE_SYMLINK_INSTALL=1 -DCMAKE_INSTALL_PREFIX=/home/swetank/sparc-rudra/ros2/install/rudra_gazebo
[0.907s] DEBUG:colcon.colcon_core.event_handler.log_command:Invoking command in '/home/swetank/sparc-rudra/ros2/build/rudra_gazebo': CMAKE_PREFIX_PATH=${CMAKE_PREFIX_PATH}:/home/swetank/sparc-rudra/ros2/install/stair_detector:/opt/ros/jazzy DEBUGINFOD_URLS=https://debuginfod.ubuntu.com /usr/bin/cmake --build /home/swetank/sparc-rudra/ros2/build/rudra_gazebo -- -j16 -l16
[0.920s] DEBUG:colcon.colcon_core.event_handler.log_command:Invoked command in '/home/swetank/sparc-rudra/ros2/build/sparc_description' returned '0': CMAKE_PREFIX_PATH=${CMAKE_PREFIX_PATH}:/home/swetank/sparc-rudra/ros2/install/stair_detector:/opt/ros/jazzy DEBUGINFOD_URLS=https://debuginfod.ubuntu.com /usr/bin/cmake --build /home/swetank/sparc-rudra/ros2/build/sparc_description -- -j16 -l16
[0.930s] DEBUG:colcon.colcon_core.event_handler.log_command:Invoking command in '/home/swetank/sparc-rudra/ros2/build/sparc_description': CMAKE_PREFIX_PATH=${CMAKE_PREFIX_PATH}:/home/swetank/sparc-rudra/ros2/install/stair_detector:/opt/ros/jazzy DEBUGINFOD_URLS=https://debuginfod.ubuntu.com /usr/bin/cmake --install /home/swetank/sparc-rudra/ros2/build/sparc_description
[0.952s] DEBUG:colcon.colcon_core.event_handler.log_command:Invoked command in '/home/swetank/sparc-rudra/ros2/build/rudra_gazebo' returned '0': CMAKE_PREFIX_PATH=${CMAKE_PREFIX_PATH}:/home/swetank/sparc-rudra/ros2/install/stair_detector:/opt/ros/jazzy DEBUGINFOD_URLS=https://debuginfod.ubuntu.com /usr/bin/cmake --build /home/swetank/sparc-rudra/ros2/build/rudra_gazebo -- -j16 -l16
[0.953s] DEBUG:colcon.colcon_core.event_handler.log_command:Invoking command in '/home/swetank/sparc-rudra/ros2/build/rudra_gazebo': CMAKE_PREFIX_PATH=${CMAKE_PREFIX_PATH}:/home/swetank/sparc-rudra/ros2/install/stair_detector:/opt/ros/jazzy DEBUGINFOD_URLS=https://debuginfod.ubuntu.com /usr/bin/cmake --install /home/swetank/sparc-rudra/ros2/build/rudra_gazebo
[1.111s] Level 1:colcon.colcon_core.environment:create_environment_scripts_only(sparc_description)
[1.111s] DEBUG:colcon.colcon_core.event_handler.log_command:Invoked command in '/home/swetank/sparc-rudra/ros2/build/sparc_description' returned '0': CMAKE_PREFIX_PATH=${CMAKE_PREFIX_PATH}:/home/swetank/sparc-rudra/ros2/install/stair_detector:/opt/ros/jazzy DEBUGINFOD_URLS=https://debuginfod.ubuntu.com /usr/bin/cmake --install /home/swetank/sparc-rudra/ros2/build/sparc_description
[1.113s] Level 1:colcon.colcon_core.environment:checking '/home/swetank/sparc-rudra/ros2/install/sparc_description' for CMake module files
[1.113s] Level 1:colcon.colcon_core.environment:checking '/home/swetank/sparc-rudra/ros2/install/sparc_description' for CMake config files
[1.114s] Level 1:colcon.colcon_core.shell:create_environment_hook('sparc_description', 'cmake_prefix_path')
[1.114s] INFO:colcon.colcon_core.shell:Creating environment hook '/home/swetank/sparc-rudra/ros2/install/sparc_description/share/sparc_description/hook/cmake_prefix_path.ps1'
[1.115s] INFO:colcon.colcon_core.shell:Creating environment descriptor '/home/swetank/sparc-rudra/ros2/install/sparc_description/share/sparc_description/hook/cmake_prefix_path.dsv'
[1.115s] INFO:colcon.colcon_core.shell:Creating environment hook '/home/swetank/sparc-rudra/ros2/install/sparc_description/share/sparc_description/hook/cmake_prefix_path.sh'
[1.115s] Level 1:colcon.colcon_core.environment:checking '/home/swetank/sparc-rudra/ros2/install/sparc_description/bin'
[1.115s] Level 1:colcon.colcon_core.environment:checking '/home/swetank/sparc-rudra/ros2/install/sparc_description/lib/pkgconfig/sparc_description.pc'
[1.116s] Level 1:colcon.colcon_core.environment:checking '/home/swetank/sparc-rudra/ros2/install/sparc_description/lib/python3.12/site-packages'
[1.116s] Level 1:colcon.colcon_core.environment:checking '/home/swetank/sparc-rudra/ros2/install/sparc_description/bin'
[1.116s] INFO:colcon.colcon_core.shell:Creating package script '/home/swetank/sparc-rudra/ros2/install/sparc_description/share/sparc_description/package.ps1'
[1.116s] INFO:colcon.colcon_core.shell:Creating package descriptor '/home/swetank/sparc-rudra/ros2/install/sparc_description/share/sparc_description/package.dsv'
[1.117s] INFO:colcon.colcon_core.shell:Creating package script '/home/swetank/sparc-rudra/ros2/install/sparc_description/share/sparc_description/package.sh'
[1.117s] INFO:colcon.colcon_core.shell:Creating package script '/home/swetank/sparc-rudra/ros2/install/sparc_description/share/sparc_description/package.bash'
[1.117s] INFO:colcon.colcon_core.shell:Creating package script '/home/swetank/sparc-rudra/ros2/install/sparc_description/share/sparc_description/package.zsh'
[1.118s] Level 1:colcon.colcon_core.environment:create_file_with_runtime_dependencies(/home/swetank/sparc-rudra/ros2/install/sparc_description/share/colcon-core/packages/sparc_description)
[1.118s] Level 1:colcon.colcon_core.environment:create_environment_scripts_only(sparc_description)
[1.118s] Level 1:colcon.colcon_core.environment:checking '/home/swetank/sparc-rudra/ros2/install/sparc_description' for CMake module files
[1.119s] Level 1:colcon.colcon_core.environment:checking '/home/swetank/sparc-rudra/ros2/install/sparc_description' for CMake config files
[1.119s] Level 1:colcon.colcon_core.shell:create_environment_hook('sparc_description', 'cmake_prefix_path')
[1.119s] INFO:colcon.colcon_core.shell:Creating environment hook '/home/swetank/sparc-rudra/ros2/install/sparc_description/share/sparc_description/hook/cmake_prefix_path.ps1'
[1.119s] INFO:colcon.colcon_core.shell:Creating environment descriptor '/home/swetank/sparc-rudra/ros2/install/sparc_description/share/sparc_description/hook/cmake_prefix_path.dsv'
[1.119s] INFO:colcon.colcon_core.shell:Creating environment hook '/home/swetank/sparc-rudra/ros2/install/sparc_description/share/sparc_description/hook/cmake_prefix_path.sh'
[1.120s] Level 1:colcon.colcon_core.environment:checking '/home/swetank/sparc-rudra/ros2/install/sparc_description/bin'
[1.120s] Level 1:colcon.colcon_core.environment:checking '/home/swetank/sparc-rudra/ros2/install/sparc_description/lib/pkgconfig/sparc_description.pc'
[1.120s] Level 1:colcon.colcon_core.environment:checking '/home/swetank/sparc-rudra/ros2/install/sparc_description/lib/python3.12/site-packages'
[1.120s] Level 1:colcon.colcon_core.environment:checking '/home/swetank/sparc-rudra/ros2/install/sparc_description/bin'
[1.121s] INFO:colcon.colcon_core.shell:Creating package script '/home/swetank/sparc-rudra/ros2/install/sparc_description/share/sparc_description/package.ps1'
[1.121s] INFO:colcon.colcon_core.shell:Creating package descriptor '/home/swetank/sparc-rudra/ros2/install/sparc_description/share/sparc_description/package.dsv'
[1.121s] INFO:colcon.colcon_core.shell:Creating package script '/home/swetank/sparc-rudra/ros2/install/sparc_description/share/sparc_description/package.sh'
[1.122s] INFO:colcon.colcon_core.shell:Creating package script '/home/swetank/sparc-rudra/ros2/install/sparc_description/share/sparc_description/package.bash'
[1.122s] INFO:colcon.colcon_core.shell:Creating package script '/home/swetank/sparc-rudra/ros2/install/sparc_description/share/sparc_description/package.zsh'
[1.122s] Level 1:colcon.colcon_core.environment:create_file_with_runtime_dependencies(/home/swetank/sparc-rudra/ros2/install/sparc_description/share/colcon-core/packages/sparc_description)
[1.124s] Level 1:colcon.colcon_core.environment:create_environment_scripts_only(rudra_gazebo)
[1.124s] Level 1:colcon.colcon_core.environment:checking '/home/swetank/sparc-rudra/ros2/install/rudra_gazebo' for CMake module files
[1.124s] DEBUG:colcon.colcon_core.event_handler.log_command:Invoked command in '/home/swetank/sparc-rudra/ros2/build/rudra_gazebo' returned '0': CMAKE_PREFIX_PATH=${CMAKE_PREFIX_PATH}:/home/swetank/sparc-rudra/ros2/install/stair_detector:/opt/ros/jazzy DEBUGINFOD_URLS=https://debuginfod.ubuntu.com /usr/bin/cmake --install /home/swetank/sparc-rudra/ros2/build/rudra_gazebo
[1.124s] Level 1:colcon.colcon_core.environment:checking '/home/swetank/sparc-rudra/ros2/install/rudra_gazebo' for CMake config files
[1.124s] Level 1:colcon.colcon_core.shell:create_environment_hook('rudra_gazebo', 'cmake_prefix_path')
[1.124s] INFO:colcon.colcon_core.shell:Creating environment hook '/home/swetank/sparc-rudra/ros2/install/rudra_gazebo/share/rudra_gazebo/hook/cmake_prefix_path.ps1'
[1.125s] INFO:colcon.colcon_core.shell:Creating environment descriptor '/home/swetank/sparc-rudra/ros2/install/rudra_gazebo/share/rudra_gazebo/hook/cmake_prefix_path.dsv'
[1.125s] INFO:colcon.colcon_core.shell:Creating environment hook '/home/swetank/sparc-rudra/ros2/install/rudra_gazebo/share/rudra_gazebo/hook/cmake_prefix_path.sh'
[1.125s] Level 1:colcon.colcon_core.environment:checking '/home/swetank/sparc-rudra/ros2/install/rudra_gazebo/bin'
[1.125s] Level 1:colcon.colcon_core.environment:checking '/home/swetank/sparc-rudra/ros2/install/rudra_gazebo/lib/pkgconfig/rudra_gazebo.pc'
[1.125s] Level 1:colcon.colcon_core.environment:checking '/home/swetank/sparc-rudra/ros2/install/rudra_gazebo/lib/python3.12/site-packages'
[1.126s] Level 1:colcon.colcon_core.environment:checking '/home/swetank/sparc-rudra/ros2/install/rudra_gazebo/bin'
[1.126s] INFO:colcon.colcon_core.shell:Creating package script '/home/swetank/sparc-rudra/ros2/install/rudra_gazebo/share/rudra_gazebo/package.ps1'
[1.126s] INFO:colcon.colcon_core.shell:Creating package descriptor '/home/swetank/sparc-rudra/ros2/install/rudra_gazebo/share/rudra_gazebo/package.dsv'
[1.126s] INFO:colcon.colcon_core.shell:Creating package script '/home/swetank/sparc-rudra/ros2/install/rudra_gazebo/share/rudra_gazebo/package.sh'
[1.127s] INFO:colcon.colcon_core.shell:Creating package script '/home/swetank/sparc-rudra/ros2/install/rudra_gazebo/share/rudra_gazebo/package.bash'
[1.127s] INFO:colcon.colcon_core.shell:Creating package script '/home/swetank/sparc-rudra/ros2/install/rudra_gazebo/share/rudra_gazebo/package.zsh'
[1.127s] Level 1:colcon.colcon_core.environment:create_file_with_runtime_dependencies(/home/swetank/sparc-rudra/ros2/install/rudra_gazebo/share/colcon-core/packages/rudra_gazebo)
[1.127s] Level 1:colcon.colcon_core.environment:create_environment_scripts_only(rudra_gazebo)
[1.127s] Level 1:colcon.colcon_core.environment:checking '/home/swetank/sparc-rudra/ros2/install/rudra_gazebo' for CMake module files
[1.128s] Level 1:colcon.colcon_core.environment:checking '/home/swetank/sparc-rudra/ros2/install/rudra_gazebo' for CMake config files
[1.128s] Level 1:colcon.colcon_core.shell:create_environment_hook('rudra_gazebo', 'cmake_prefix_path')
[1.128s] INFO:colcon.colcon_core.shell:Creating environment hook '/home/swetank/sparc-rudra/ros2/install/rudra_gazebo/share/rudra_gazebo/hook/cmake_prefix_path.ps1'
[1.128s] INFO:colcon.colcon_core.shell:Creating environment descriptor '/home/swetank/sparc-rudra/ros2/install/rudra_gazebo/share/rudra_gazebo/hook/cmake_prefix_path.dsv'
[1.128s] INFO:colcon.colcon_core.shell:Creating environment hook '/home/swetank/sparc-rudra/ros2/install/rudra_gazebo/share/rudra_gazebo/hook/cmake_prefix_path.sh'
[1.129s] Level 1:colcon.colcon_core.environment:checking '/home/swetank/sparc-rudra/ros2/install/rudra_gazebo/bin'
[1.129s] Level 1:colcon.colcon_core.environment:checking '/home/swetank/sparc-rudra/ros2/install/rudra_gazebo/lib/pkgconfig/rudra_gazebo.pc'
[1.129s] Level 1:colcon.colcon_core.environment:checking '/home/swetank/sparc-rudra/ros2/install/rudra_gazebo/lib/python3.12/site-packages'
[1.129s] Level 1:colcon.colcon_core.environment:checking '/home/swetank/sparc-rudra/ros2/install/rudra_gazebo/bin'
[1.130s] INFO:colcon.colcon_core.shell:Creating package script '/home/swetank/sparc-rudra/ros2/install/rudra_gazebo/share/rudra_gazebo/package.ps1'
[1.130s] INFO:colcon.colcon_core.shell:Creating package descriptor '/home/swetank/sparc-rudra/ros2/install/rudra_gazebo/share/rudra_gazebo/package.dsv'
[1.131s] INFO:colcon.colcon_core.shell:Creating package script '/home/swetank/sparc-rudra/ros2/install/rudra_gazebo/share/rudra_gazebo/package.sh'
[1.131s] INFO:colcon.colcon_core.shell:Creating package script '/home/swetank/sparc-rudra/ros2/install/rudra_gazebo/share/rudra_gazebo/package.bash'
[1.131s] INFO:colcon.colcon_core.shell:Creating package script '/home/swetank/sparc-rudra/ros2/install/rudra_gazebo/share/rudra_gazebo/package.zsh'
[1.131s] Level 1:colcon.colcon_core.environment:create_file_with_runtime_dependencies(/home/swetank/sparc-rudra/ros2/install/rudra_gazebo/share/colcon-core/packages/rudra_gazebo)
[1.299s] Level 1:colcon.colcon_core.shell:create_environment_hook('stair_detector', 'pythonpath_develop')
[1.299s] INFO:colcon.colcon_core.shell:Creating environment hook '/home/swetank/sparc-rudra/ros2/build/stair_detector/share/stair_detector/hook/pythonpath_develop.ps1'
[1.299s] DEBUG:colcon.colcon_core.event_handler.log_command:Invoked command in '/home/swetank/sparc-rudra/ros2/build/stair_detector' returned '0': DEBUGINFOD_URLS=https://debuginfod.ubuntu.com PYTHONPATH=/home/swetank/sparc-rudra/ros2/build/stair_detector/prefix_override:/usr/lib/python3/dist-packages/colcon_core/task/python/colcon_distutils_commands:/home/swetank/sparc-rudra/ros2/install/stair_detector/lib/python3.12/site-packages:${PYTHONPATH} /usr/bin/python3 -W ignore:setup.py install is deprecated -W ignore:easy_install command is deprecated setup.py develop --editable --build-directory /home/swetank/sparc-rudra/ros2/build/stair_detector/build --no-deps symlink_data
[1.300s] INFO:colcon.colcon_core.shell:Creating environment descriptor '/home/swetank/sparc-rudra/ros2/build/stair_detector/share/stair_detector/hook/pythonpath_develop.dsv'
[1.300s] INFO:colcon.colcon_core.shell:Creating environment hook '/home/swetank/sparc-rudra/ros2/build/stair_detector/share/stair_detector/hook/pythonpath_develop.sh'
[1.300s] Level 1:colcon.colcon_core.environment:checking '/home/swetank/sparc-rudra/ros2/install/stair_detector' for CMake module files
[1.300s] Level 1:colcon.colcon_core.environment:checking '/home/swetank/sparc-rudra/ros2/install/stair_detector' for CMake config files
[1.301s] Level 1:colcon.colcon_core.environment:checking '/home/swetank/sparc-rudra/ros2/install/stair_detector/lib'
[1.301s] Level 1:colcon.colcon_core.environment:checking '/home/swetank/sparc-rudra/ros2/install/stair_detector/bin'
[1.301s] Level 1:colcon.colcon_core.environment:checking '/home/swetank/sparc-rudra/ros2/install/stair_detector/lib/pkgconfig/stair_detector.pc'
[1.301s] Level 1:colcon.colcon_core.environment:checking '/home/swetank/sparc-rudra/ros2/install/stair_detector/lib/python3.12/site-packages'
[1.301s] Level 1:colcon.colcon_core.shell:create_environment_hook('stair_detector', 'pythonpath')
[1.301s] INFO:colcon.colcon_core.shell:Creating environment hook '/home/swetank/sparc-rudra/ros2/install/stair_detector/share/stair_detector/hook/pythonpath.ps1'
[1.301s] INFO:colcon.colcon_core.shell:Creating environment descriptor '/home/swetank/sparc-rudra/ros2/install/stair_detector/share/stair_detector/hook/pythonpath.dsv'
[1.302s] INFO:colcon.colcon_core.shell:Creating environment hook '/home/swetank/sparc-rudra/ros2/install/stair_detector/share/stair_detector/hook/pythonpath.sh'
[1.302s] Level 1:colcon.colcon_core.environment:checking '/home/swetank/sparc-rudra/ros2/install/stair_detector/bin'
[1.302s] Level 1:colcon.colcon_core.environment:create_environment_scripts_only(stair_detector)
[1.302s] INFO:colcon.colcon_core.shell:Creating package script '/home/swetank/sparc-rudra/ros2/install/stair_detector/share/stair_detector/package.ps1'
[1.303s] INFO:colcon.colcon_core.shell:Creating package descriptor '/home/swetank/sparc-rudra/ros2/install/stair_detector/share/stair_detector/package.dsv'
[1.303s] INFO:colcon.colcon_core.shell:Creating package script '/home/swetank/sparc-rudra/ros2/install/stair_detector/share/stair_detector/package.sh'
[1.304s] INFO:colcon.colcon_core.shell:Creating package script '/home/swetank/sparc-rudra/ros2/install/stair_detector/share/stair_detector/package.bash'
[1.304s] INFO:colcon.colcon_core.shell:Creating package script '/home/swetank/sparc-rudra/ros2/install/stair_detector/share/stair_detector/package.zsh'
[1.304s] Level 1:colcon.colcon_core.environment:create_file_with_runtime_dependencies(/home/swetank/sparc-rudra/ros2/install/stair_detector/share/colcon-core/packages/stair_detector)
[1.305s] DEBUG:colcon.colcon_parallel_executor.executor.parallel:closing loop
[1.305s] DEBUG:colcon.colcon_parallel_executor.executor.parallel:loop closed
[1.305s] DEBUG:colcon.colcon_parallel_executor.executor.parallel:run_until_complete finished with '0'
[1.305s] DEBUG:colcon.colcon_core.event_reactor:joining thread
[1.309s] INFO:colcon.colcon_core.plugin_system:Skipping extension 'colcon_notification.desktop_notification.terminal_notifier': Not used on non-Darwin systems
[1.309s] INFO:colcon.colcon_core.plugin_system:Skipping extension 'colcon_notification.desktop_notification.win32': Not used on non-Windows systems
[1.309s] INFO:colcon.colcon_notification.desktop_notification:Sending desktop notification using 'notify2'
[1.319s] DEBUG:colcon.colcon_core.event_reactor:joined thread
[1.320s] INFO:colcon.colcon_core.shell:Creating prefix script '/home/swetank/sparc-rudra/ros2/install/local_setup.ps1'
[1.321s] INFO:colcon.colcon_core.shell:Creating prefix util module '/home/swetank/sparc-rudra/ros2/install/_local_setup_util_ps1.py'
[1.321s] INFO:colcon.colcon_core.shell:Creating prefix chain script '/home/swetank/sparc-rudra/ros2/install/setup.ps1'
[1.322s] INFO:colcon.colcon_core.shell:Creating prefix script '/home/swetank/sparc-rudra/ros2/install/local_setup.sh'
[1.322s] INFO:colcon.colcon_core.shell:Creating prefix util module '/home/swetank/sparc-rudra/ros2/install/_local_setup_util_sh.py'
[1.323s] INFO:colcon.colcon_core.shell:Creating prefix chain script '/home/swetank/sparc-rudra/ros2/install/setup.sh'
[1.323s] INFO:colcon.colcon_core.shell:Creating prefix script '/home/swetank/sparc-rudra/ros2/install/local_setup.bash'
[1.324s] INFO:colcon.colcon_core.shell:Creating prefix chain script '/home/swetank/sparc-rudra/ros2/install/setup.bash'
[1.324s] INFO:colcon.colcon_core.shell:Creating prefix script '/home/swetank/sparc-rudra/ros2/install/local_setup.zsh'
[1.324s] INFO:colcon.colcon_core.shell:Creating prefix chain script '/home/swetank/sparc-rudra/ros2/install/setup.zsh'
