running develop
running egg_info
creating stair_detector.egg-info
writing stair_detector.egg-info/PKG-INFO
writing dependency_links to stair_detector.egg-info/dependency_links.txt
writing entry points to stair_detector.egg-info/entry_points.txt
writing requirements to stair_detector.egg-info/requires.txt
writing top-level names to stair_detector.egg-info/top_level.txt
writing manifest file 'stair_detector.egg-info/SOURCES.txt'
reading manifest file 'stair_detector.egg-info/SOURCES.txt'
writing manifest file 'stair_detector.egg-info/SOURCES.txt'
running build_ext
Creating /home/swetank/sparc-rudra/ros2/install/stair_detector/lib/python3.12/site-packages/stair-detector.egg-link (link to .)
Installing stair_detector_node script to /home/swetank/sparc-rudra/ros2/install/stair_detector/lib/stair_detector

Installed /home/swetank/sparc-rudra/ros2/build/stair_detector
running symlink_data
creating /home/swetank/sparc-rudra/ros2/install/stair_detector/share/ament_index
creating /home/swetank/sparc-rudra/ros2/install/stair_detector/share/ament_index/resource_index
creating /home/swetank/sparc-rudra/ros2/install/stair_detector/share/ament_index/resource_index/packages
symbolically linking /home/swetank/sparc-rudra/ros2/build/stair_detector/resource/stair_detector -> /home/swetank/sparc-rudra/ros2/install/stair_detector/share/ament_index/resource_index/packages
symbolically linking /home/swetank/sparc-rudra/ros2/build/stair_detector/package.xml -> /home/swetank/sparc-rudra/ros2/install/stair_detector/share/stair_detector
