[0.624s] Invoking command in '/home/swetank/sparc-rudra/ros2/build/stair_detector': DEBUGINFOD_URLS=https://debuginfod.ubuntu.com PYTHONPATH=/home/swetank/sparc-rudra/ros2/build/stair_detector/prefix_override:/usr/lib/python3/dist-packages/colcon_core/task/python/colcon_distutils_commands:/home/swetank/sparc-rudra/ros2/install/stair_detector/lib/python3.12/site-packages:${PYTHONPATH} /usr/bin/python3 -W ignore:setup.py install is deprecated -W ignore:easy_install command is deprecated setup.py develop --editable --build-directory /home/swetank/sparc-rudra/ros2/build/stair_detector/build --no-deps symlink_data
[0.879s] running develop
[1.014s] running egg_info
[1.014s] creating stair_detector.egg-info
[1.027s] writing stair_detector.egg-info/PKG-INFO
[1.027s] writing dependency_links to stair_detector.egg-info/dependency_links.txt
[1.027s] writing entry points to stair_detector.egg-info/entry_points.txt
[1.027s] writing requirements to stair_detector.egg-info/requires.txt
[1.027s] writing top-level names to stair_detector.egg-info/top_level.txt
[1.027s] writing manifest file 'stair_detector.egg-info/SOURCES.txt'
[1.052s] reading manifest file 'stair_detector.egg-info/SOURCES.txt'
[1.052s] writing manifest file 'stair_detector.egg-info/SOURCES.txt'
[1.066s] running build_ext
[1.066s] Creating /home/swetank/sparc-rudra/ros2/install/stair_detector/lib/python3.12/site-packages/stair-detector.egg-link (link to .)
[1.066s] Installing stair_detector_node script to /home/swetank/sparc-rudra/ros2/install/stair_detector/lib/stair_detector
[1.067s] 
[1.067s] Installed /home/swetank/sparc-rudra/ros2/build/stair_detector
[1.067s] running symlink_data
[1.067s] creating /home/swetank/sparc-rudra/ros2/install/stair_detector/share/ament_index
[1.067s] creating /home/swetank/sparc-rudra/ros2/install/stair_detector/share/ament_index/resource_index
[1.067s] creating /home/swetank/sparc-rudra/ros2/install/stair_detector/share/ament_index/resource_index/packages
[1.067s] symbolically linking /home/swetank/sparc-rudra/ros2/build/stair_detector/resource/stair_detector -> /home/swetank/sparc-rudra/ros2/install/stair_detector/share/ament_index/resource_index/packages
[1.067s] symbolically linking /home/swetank/sparc-rudra/ros2/build/stair_detector/package.xml -> /home/swetank/sparc-rudra/ros2/install/stair_detector/share/stair_detector
[1.103s] Invoked command in '/home/swetank/sparc-rudra/ros2/build/stair_detector' returned '0': DEBUGINFOD_URLS=https://debuginfod.ubuntu.com PYTHONPATH=/home/swetank/sparc-rudra/ros2/build/stair_detector/prefix_override:/usr/lib/python3/dist-packages/colcon_core/task/python/colcon_distutils_commands:/home/swetank/sparc-rudra/ros2/install/stair_detector/lib/python3.12/site-packages:${PYTHONPATH} /usr/bin/python3 -W ignore:setup.py install is deprecated -W ignore:easy_install command is deprecated setup.py develop --editable --build-directory /home/swetank/sparc-rudra/ros2/build/stair_detector/build --no-deps symlink_data
