[0.007s] Invoking command in '/home/swetank/sparc-rudra/ros2/rudra_ws/build/sparc_description': CMAKE_PREFIX_PATH=${CMAKE_PREFIX_PATH}:/opt/ros/jazzy DEBUGINFOD_URLS=https://debuginfod.ubuntu.com /usr/bin/cmake /home/swetank/sparc-rudra/ros2/rudra_ws/src/sparc_description -DAMENT_CMAKE_SYMLINK_INSTALL=1 -DCMAKE_INSTALL_PREFIX=/home/swetank/sparc-rudra/ros2/rudra_ws/install/sparc_description
[0.056s] -- The C compiler identification is GNU 13.3.0
[0.103s] -- The CXX compiler identification is GNU 13.3.0
[0.120s] -- Detecting C compiler ABI info
[0.207s] -- Detecting C compiler ABI info - done
[0.213s] -- Check for working C compiler: /usr/bin/cc - skipped
[0.214s] -- Detecting C compile features
[0.214s] -- Detecting C compile features - done
[0.223s] -- Detecting CXX compiler ABI info
[0.316s] -- Detecting CXX compiler ABI info - done
[0.323s] -- Check for working CXX compiler: /usr/bin/c++ - skipped
[0.323s] -- Detecting CXX compile features
[0.323s] -- Detecting CXX compile features - done
[0.327s] -- Found ament_cmake: 2.5.4 (/opt/ros/jazzy/share/ament_cmake/cmake)
[0.456s] -- Found Python3: /usr/bin/python3 (found version "3.12.3") found components: Interpreter 
[0.511s] -- Override CMake install command with custom implementation using symlinks instead of copying resources
[0.621s] -- Configuring done (0.6s)
[0.623s] -- Generating done (0.0s)
[0.624s] -- Build files have been written to: /home/swetank/sparc-rudra/ros2/rudra_ws/build/sparc_description
[0.629s] Invoked command in '/home/swetank/sparc-rudra/ros2/rudra_ws/build/sparc_description' returned '0': CMAKE_PREFIX_PATH=${CMAKE_PREFIX_PATH}:/opt/ros/jazzy DEBUGINFOD_URLS=https://debuginfod.ubuntu.com /usr/bin/cmake /home/swetank/sparc-rudra/ros2/rudra_ws/src/sparc_description -DAMENT_CMAKE_SYMLINK_INSTALL=1 -DCMAKE_INSTALL_PREFIX=/home/swetank/sparc-rudra/ros2/rudra_ws/install/sparc_description
[0.630s] Invoking command in '/home/swetank/sparc-rudra/ros2/rudra_ws/build/sparc_description': CMAKE_PREFIX_PATH=${CMAKE_PREFIX_PATH}:/opt/ros/jazzy DEBUGINFOD_URLS=https://debuginfod.ubuntu.com /usr/bin/cmake --build /home/swetank/sparc-rudra/ros2/rudra_ws/build/sparc_description -- -j16 -l16
[0.672s] Invoked command in '/home/swetank/sparc-rudra/ros2/rudra_ws/build/sparc_description' returned '0': CMAKE_PREFIX_PATH=${CMAKE_PREFIX_PATH}:/opt/ros/jazzy DEBUGINFOD_URLS=https://debuginfod.ubuntu.com /usr/bin/cmake --build /home/swetank/sparc-rudra/ros2/rudra_ws/build/sparc_description -- -j16 -l16
[0.682s] Invoking command in '/home/swetank/sparc-rudra/ros2/rudra_ws/build/sparc_description': CMAKE_PREFIX_PATH=${CMAKE_PREFIX_PATH}:/opt/ros/jazzy DEBUGINFOD_URLS=https://debuginfod.ubuntu.com /usr/bin/cmake --install /home/swetank/sparc-rudra/ros2/rudra_ws/build/sparc_description
[0.691s] -- Install configuration: ""
[0.691s] -- Execute custom install script
[0.692s] -- Symlinking: /home/swetank/sparc-rudra/ros2/rudra_ws/install/sparc_description/share/sparc_description/urdf/sparc.urdf
[0.702s] -- Symlinking: /home/swetank/sparc-rudra/ros2/rudra_ws/install/sparc_description/share/ament_index/resource_index/package_run_dependencies/sparc_description
[0.712s] -- Symlinking: /home/swetank/sparc-rudra/ros2/rudra_ws/install/sparc_description/share/ament_index/resource_index/parent_prefix_path/sparc_description
[0.722s] -- Symlinking: /home/swetank/sparc-rudra/ros2/rudra_ws/install/sparc_description/share/sparc_description/environment/ament_prefix_path.sh
[0.731s] -- Symlinking: /home/swetank/sparc-rudra/ros2/rudra_ws/install/sparc_description/share/sparc_description/environment/ament_prefix_path.dsv
[0.740s] -- Symlinking: /home/swetank/sparc-rudra/ros2/rudra_ws/install/sparc_description/share/sparc_description/environment/path.sh
[0.751s] -- Symlinking: /home/swetank/sparc-rudra/ros2/rudra_ws/install/sparc_description/share/sparc_description/environment/path.dsv
[0.760s] -- Symlinking: /home/swetank/sparc-rudra/ros2/rudra_ws/install/sparc_description/share/sparc_description/local_setup.bash
[0.770s] -- Symlinking: /home/swetank/sparc-rudra/ros2/rudra_ws/install/sparc_description/share/sparc_description/local_setup.sh
[0.779s] -- Symlinking: /home/swetank/sparc-rudra/ros2/rudra_ws/install/sparc_description/share/sparc_description/local_setup.zsh
[0.788s] -- Symlinking: /home/swetank/sparc-rudra/ros2/rudra_ws/install/sparc_description/share/sparc_description/local_setup.dsv
[0.798s] -- Symlinking: /home/swetank/sparc-rudra/ros2/rudra_ws/install/sparc_description/share/sparc_description/package.dsv
[0.809s] -- Symlinking: /home/swetank/sparc-rudra/ros2/rudra_ws/install/sparc_description/share/ament_index/resource_index/packages/sparc_description
[0.819s] -- Symlinking: /home/swetank/sparc-rudra/ros2/rudra_ws/install/sparc_description/share/sparc_description/cmake/sparc_descriptionConfig.cmake
[0.829s] -- Symlinking: /home/swetank/sparc-rudra/ros2/rudra_ws/install/sparc_description/share/sparc_description/cmake/sparc_descriptionConfig-version.cmake
[0.838s] -- Symlinking: /home/swetank/sparc-rudra/ros2/rudra_ws/install/sparc_description/share/sparc_description/package.xml
[0.851s] Invoked command in '/home/swetank/sparc-rudra/ros2/rudra_ws/build/sparc_description' returned '0': CMAKE_PREFIX_PATH=${CMAKE_PREFIX_PATH}:/opt/ros/jazzy DEBUGINFOD_URLS=https://debuginfod.ubuntu.com /usr/bin/cmake --install /home/swetank/sparc-rudra/ros2/rudra_ws/build/sparc_description
