-- The C compiler identification is GNU 13.3.0
-- The CXX compiler identification is GNU 13.3.0
-- Detecting C compiler ABI info
-- Detecting C compiler ABI info - done
-- Check for working C compiler: /usr/bin/cc - skipped
-- Detecting C compile features
-- Detecting C compile features - done
-- Detecting CXX compiler ABI info
-- Detecting CXX compiler ABI info - done
-- Check for working CXX compiler: /usr/bin/c++ - skipped
-- Detecting CXX compile features
-- Detecting CXX compile features - done
-- Found ament_cmake: 2.5.4 (/opt/ros/jazzy/share/ament_cmake/cmake)
-- Found Python3: /usr/bin/python3 (found version "3.12.3") found components: Interpreter 
-- Override CMake install command with custom implementation using symlinks instead of copying resources
-- Found ament_lint_auto: 0.17.3 (/opt/ros/jazzy/share/ament_lint_auto/cmake)
-- Added test 'lint_cmake' to check CMake code style
-- Added test 'xmllint' to check XML markup files
-- Configuring done (0.7s)
-- Generating done (0.0s)
-- Build files have been written to: /home/swetank/sparc-rudra/ros2/build/rudra_gazebo
-- Install configuration: ""
-- Execute custom install script
-- Symlinking: /home/swetank/sparc-rudra/ros2/install/rudra_gazebo/share/ament_index/resource_index/package_run_dependencies/rudra_gazebo
-- Symlinking: /home/swetank/sparc-rudra/ros2/install/rudra_gazebo/share/ament_index/resource_index/parent_prefix_path/rudra_gazebo
-- Symlinking: /home/swetank/sparc-rudra/ros2/install/rudra_gazebo/share/rudra_gazebo/environment/ament_prefix_path.sh
-- Symlinking: /home/swetank/sparc-rudra/ros2/install/rudra_gazebo/share/rudra_gazebo/environment/ament_prefix_path.dsv
-- Symlinking: /home/swetank/sparc-rudra/ros2/install/rudra_gazebo/share/rudra_gazebo/environment/path.sh
-- Symlinking: /home/swetank/sparc-rudra/ros2/install/rudra_gazebo/share/rudra_gazebo/environment/path.dsv
-- Symlinking: /home/swetank/sparc-rudra/ros2/install/rudra_gazebo/share/rudra_gazebo/local_setup.bash
-- Symlinking: /home/swetank/sparc-rudra/ros2/install/rudra_gazebo/share/rudra_gazebo/local_setup.sh
-- Symlinking: /home/swetank/sparc-rudra/ros2/install/rudra_gazebo/share/rudra_gazebo/local_setup.zsh
-- Symlinking: /home/swetank/sparc-rudra/ros2/install/rudra_gazebo/share/rudra_gazebo/local_setup.dsv
-- Symlinking: /home/swetank/sparc-rudra/ros2/install/rudra_gazebo/share/rudra_gazebo/package.dsv
-- Symlinking: /home/swetank/sparc-rudra/ros2/install/rudra_gazebo/share/ament_index/resource_index/packages/rudra_gazebo
-- Symlinking: /home/swetank/sparc-rudra/ros2/install/rudra_gazebo/share/rudra_gazebo/cmake/rudra_gazeboConfig.cmake
-- Symlinking: /home/swetank/sparc-rudra/ros2/install/rudra_gazebo/share/rudra_gazebo/cmake/rudra_gazeboConfig-version.cmake
-- Symlinking: /home/swetank/sparc-rudra/ros2/install/rudra_gazebo/share/rudra_gazebo/package.xml
