[0.014s] Invoking command in '/home/swetank/sparc-rudra/ros2/build/rudra_gazebo': CMAKE_PREFIX_PATH=${CMAKE_PREFIX_PATH}:/home/swetank/sparc-rudra/ros2/install/stair_detector:/opt/ros/jazzy DEBUGINFOD_URLS=https://debuginfod.ubuntu.com /usr/bin/cmake /home/swetank/sparc-rudra/ros2/src/rudra_gazebo -DAMENT_CMAKE_SYMLINK_INSTALL=1 -DCMAKE_INSTALL_PREFIX=/home/swetank/sparc-rudra/ros2/install/rudra_gazebo
[0.066s] -- The C compiler identification is GNU 13.3.0
[0.115s] -- The CXX compiler identification is GNU 13.3.0
[0.130s] -- Detecting C compiler ABI info
[0.218s] -- Detecting C compiler ABI info - done
[0.226s] -- Check for working C compiler: /usr/bin/cc - skipped
[0.226s] -- Detecting C compile features
[0.227s] -- Detecting C compile features - done
[0.235s] -- Detecting CXX compiler ABI info
[0.331s] -- Detecting CXX compiler ABI info - done
[0.338s] -- Check for working CXX compiler: /usr/bin/c++ - skipped
[0.338s] -- Detecting CXX compile features
[0.339s] -- Detecting CXX compile features - done
[0.343s] -- Found ament_cmake: 2.5.4 (/opt/ros/jazzy/share/ament_cmake/cmake)
[0.479s] -- Found Python3: /usr/bin/python3 (found version "3.12.3") found components: Interpreter 
[0.542s] -- Override CMake install command with custom implementation using symlinks instead of copying resources
[0.590s] -- Found ament_lint_auto: 0.17.3 (/opt/ros/jazzy/share/ament_lint_auto/cmake)
[0.705s] -- Added test 'lint_cmake' to check CMake code style
[0.707s] -- Added test 'xmllint' to check XML markup files
[0.708s] -- Configuring done (0.7s)
[0.711s] -- Generating done (0.0s)
[0.713s] -- Build files have been written to: /home/swetank/sparc-rudra/ros2/build/rudra_gazebo
[0.718s] Invoked command in '/home/swetank/sparc-rudra/ros2/build/rudra_gazebo' returned '0': CMAKE_PREFIX_PATH=${CMAKE_PREFIX_PATH}:/home/swetank/sparc-rudra/ros2/install/stair_detector:/opt/ros/jazzy DEBUGINFOD_URLS=https://debuginfod.ubuntu.com /usr/bin/cmake /home/swetank/sparc-rudra/ros2/src/rudra_gazebo -DAMENT_CMAKE_SYMLINK_INSTALL=1 -DCMAKE_INSTALL_PREFIX=/home/swetank/sparc-rudra/ros2/install/rudra_gazebo
[0.719s] Invoking command in '/home/swetank/sparc-rudra/ros2/build/rudra_gazebo': CMAKE_PREFIX_PATH=${CMAKE_PREFIX_PATH}:/home/swetank/sparc-rudra/ros2/install/stair_detector:/opt/ros/jazzy DEBUGINFOD_URLS=https://debuginfod.ubuntu.com /usr/bin/cmake --build /home/swetank/sparc-rudra/ros2/build/rudra_gazebo -- -j16 -l16
[0.764s] Invoked command in '/home/swetank/sparc-rudra/ros2/build/rudra_gazebo' returned '0': CMAKE_PREFIX_PATH=${CMAKE_PREFIX_PATH}:/home/swetank/sparc-rudra/ros2/install/stair_detector:/opt/ros/jazzy DEBUGINFOD_URLS=https://debuginfod.ubuntu.com /usr/bin/cmake --build /home/swetank/sparc-rudra/ros2/build/rudra_gazebo -- -j16 -l16
[0.765s] Invoking command in '/home/swetank/sparc-rudra/ros2/build/rudra_gazebo': CMAKE_PREFIX_PATH=${CMAKE_PREFIX_PATH}:/home/swetank/sparc-rudra/ros2/install/stair_detector:/opt/ros/jazzy DEBUGINFOD_URLS=https://debuginfod.ubuntu.com /usr/bin/cmake --install /home/swetank/sparc-rudra/ros2/build/rudra_gazebo
[0.774s] -- Install configuration: ""
[0.774s] -- Execute custom install script
[0.775s] -- Symlinking: /home/swetank/sparc-rudra/ros2/install/rudra_gazebo/share/ament_index/resource_index/package_run_dependencies/rudra_gazebo
[0.784s] -- Symlinking: /home/swetank/sparc-rudra/ros2/install/rudra_gazebo/share/ament_index/resource_index/parent_prefix_path/rudra_gazebo
[0.795s] -- Symlinking: /home/swetank/sparc-rudra/ros2/install/rudra_gazebo/share/rudra_gazebo/environment/ament_prefix_path.sh
[0.806s] -- Symlinking: /home/swetank/sparc-rudra/ros2/install/rudra_gazebo/share/rudra_gazebo/environment/ament_prefix_path.dsv
[0.816s] -- Symlinking: /home/swetank/sparc-rudra/ros2/install/rudra_gazebo/share/rudra_gazebo/environment/path.sh
[0.827s] -- Symlinking: /home/swetank/sparc-rudra/ros2/install/rudra_gazebo/share/rudra_gazebo/environment/path.dsv
[0.837s] -- Symlinking: /home/swetank/sparc-rudra/ros2/install/rudra_gazebo/share/rudra_gazebo/local_setup.bash
[0.848s] -- Symlinking: /home/swetank/sparc-rudra/ros2/install/rudra_gazebo/share/rudra_gazebo/local_setup.sh
[0.858s] -- Symlinking: /home/swetank/sparc-rudra/ros2/install/rudra_gazebo/share/rudra_gazebo/local_setup.zsh
[0.869s] -- Symlinking: /home/swetank/sparc-rudra/ros2/install/rudra_gazebo/share/rudra_gazebo/local_setup.dsv
[0.879s] -- Symlinking: /home/swetank/sparc-rudra/ros2/install/rudra_gazebo/share/rudra_gazebo/package.dsv
[0.890s] -- Symlinking: /home/swetank/sparc-rudra/ros2/install/rudra_gazebo/share/ament_index/resource_index/packages/rudra_gazebo
[0.901s] -- Symlinking: /home/swetank/sparc-rudra/ros2/install/rudra_gazebo/share/rudra_gazebo/cmake/rudra_gazeboConfig.cmake
[0.911s] -- Symlinking: /home/swetank/sparc-rudra/ros2/install/rudra_gazebo/share/rudra_gazebo/cmake/rudra_gazeboConfig-version.cmake
[0.921s] -- Symlinking: /home/swetank/sparc-rudra/ros2/install/rudra_gazebo/share/rudra_gazebo/package.xml
[0.936s] Invoked command in '/home/swetank/sparc-rudra/ros2/build/rudra_gazebo' returned '0': CMAKE_PREFIX_PATH=${CMAKE_PREFIX_PATH}:/home/swetank/sparc-rudra/ros2/install/stair_detector:/opt/ros/jazzy DEBUGINFOD_URLS=https://debuginfod.ubuntu.com /usr/bin/cmake --install /home/swetank/sparc-rudra/ros2/build/rudra_gazebo
