-- Found ament_cmake: 2.5.4 (/opt/ros/jazzy/share/ament_cmake/cmake)
-- Override CMake install command with custom implementation using symlinks instead of copying resources
-- Found ament_lint_auto: 0.17.3 (/opt/ros/jazzy/share/ament_lint_auto/cmake)
-- Added test 'flake8' to check Python code syntax and style conventions
-- Configured 'flake8' exclude dirs and/or files: 
-- Added test 'lint_cmake' to check CMake code style
-- Added test 'pep257' to check Python code against some of the docstring style conventions in PEP 257
-- Added test 'xmllint' to check XML markup files
-- Configuring done (0.3s)
-- Generating done (0.0s)
-- Build files have been written to: /home/swetank/sparc-rudra/ros2/build/sparc_nav
-- Install configuration: ""
-- Execute custom install script
-- Up-to-date symlink: /home/swetank/sparc-rudra/ros2/install/sparc_nav/share/ament_index/resource_index/package_run_dependencies/sparc_nav
-- Up-to-date symlink: /home/swetank/sparc-rudra/ros2/install/sparc_nav/share/ament_index/resource_index/parent_prefix_path/sparc_nav
-- Up-to-date symlink: /home/swetank/sparc-rudra/ros2/install/sparc_nav/share/sparc_nav/environment/ament_prefix_path.sh
-- Up-to-date symlink: /home/swetank/sparc-rudra/ros2/install/sparc_nav/share/sparc_nav/environment/ament_prefix_path.dsv
-- Up-to-date symlink: /home/swetank/sparc-rudra/ros2/install/sparc_nav/share/sparc_nav/environment/path.sh
-- Up-to-date symlink: /home/swetank/sparc-rudra/ros2/install/sparc_nav/share/sparc_nav/environment/path.dsv
-- Up-to-date symlink: /home/swetank/sparc-rudra/ros2/install/sparc_nav/share/sparc_nav/local_setup.bash
-- Up-to-date symlink: /home/swetank/sparc-rudra/ros2/install/sparc_nav/share/sparc_nav/local_setup.sh
-- Up-to-date symlink: /home/swetank/sparc-rudra/ros2/install/sparc_nav/share/sparc_nav/local_setup.zsh
-- Up-to-date symlink: /home/swetank/sparc-rudra/ros2/install/sparc_nav/share/sparc_nav/local_setup.dsv
-- Symlinking: /home/swetank/sparc-rudra/ros2/install/sparc_nav/share/sparc_nav/package.dsv
-- Up-to-date symlink: /home/swetank/sparc-rudra/ros2/install/sparc_nav/share/ament_index/resource_index/packages/sparc_nav
-- Up-to-date symlink: /home/swetank/sparc-rudra/ros2/install/sparc_nav/share/sparc_nav/cmake/sparc_navConfig.cmake
-- Up-to-date symlink: /home/swetank/sparc-rudra/ros2/install/sparc_nav/share/sparc_nav/cmake/sparc_navConfig-version.cmake
-- Up-to-date symlink: /home/swetank/sparc-rudra/ros2/install/sparc_nav/share/sparc_nav/package.xml
-- Up-to-date symlink: /home/swetank/sparc-rudra/ros2/install/sparc_nav/share/sparc_nav/launch/nav2_bringup.launch.py
-- Symlinking: /home/swetank/sparc-rudra/ros2/install/sparc_nav/share/sparc_nav/config/nav2_params.yaml
