[0.027s] Invoking command in '/home/swetank/sparc-rudra/ros2/build/sparc_nav': CMAKE_PREFIX_PATH=${CMAKE_PREFIX_PATH}:/home/swetank/sparc-rudra/ros2/install/stair_detector:/opt/ros/jazzy DEBUGINFOD_URLS=https://debuginfod.ubuntu.com /usr/bin/cmake --build /home/swetank/sparc-rudra/ros2/build/sparc_nav -- -j16 -l16
[0.052s] -- Found ament_cmake: 2.5.4 (/opt/ros/jazzy/share/ament_cmake/cmake)
[0.258s] -- Override CMake install command with custom implementation using symlinks instead of copying resources
[0.264s] -- Found ament_lint_auto: 0.17.3 (/opt/ros/jazzy/share/ament_lint_auto/cmake)
[0.351s] -- Added test 'flake8' to check Python code syntax and style conventions
[0.351s] -- Configured 'flake8' exclude dirs and/or files: 
[0.351s] -- Added test 'lint_cmake' to check CMake code style
[0.352s] -- Added test 'pep257' to check Python code against some of the docstring style conventions in PEP 257
[0.353s] -- Added test 'xmllint' to check XML markup files
[0.353s] -- Configuring done (0.3s)
[0.356s] -- Generating done (0.0s)
[0.357s] -- Build files have been written to: /home/swetank/sparc-rudra/ros2/build/sparc_nav
[0.383s] Invoked command in '/home/swetank/sparc-rudra/ros2/build/sparc_nav' returned '0': CMAKE_PREFIX_PATH=${CMAKE_PREFIX_PATH}:/home/swetank/sparc-rudra/ros2/install/stair_detector:/opt/ros/jazzy DEBUGINFOD_URLS=https://debuginfod.ubuntu.com /usr/bin/cmake --build /home/swetank/sparc-rudra/ros2/build/sparc_nav -- -j16 -l16
[0.385s] Invoking command in '/home/swetank/sparc-rudra/ros2/build/sparc_nav': CMAKE_PREFIX_PATH=${CMAKE_PREFIX_PATH}:/home/swetank/sparc-rudra/ros2/install/stair_detector:/opt/ros/jazzy DEBUGINFOD_URLS=https://debuginfod.ubuntu.com /usr/bin/cmake --install /home/swetank/sparc-rudra/ros2/build/sparc_nav
[0.393s] -- Install configuration: ""
[0.394s] -- Execute custom install script
[0.394s] -- Up-to-date symlink: /home/swetank/sparc-rudra/ros2/install/sparc_nav/share/ament_index/resource_index/package_run_dependencies/sparc_nav
[0.394s] -- Up-to-date symlink: /home/swetank/sparc-rudra/ros2/install/sparc_nav/share/ament_index/resource_index/parent_prefix_path/sparc_nav
[0.394s] -- Up-to-date symlink: /home/swetank/sparc-rudra/ros2/install/sparc_nav/share/sparc_nav/environment/ament_prefix_path.sh
[0.394s] -- Up-to-date symlink: /home/swetank/sparc-rudra/ros2/install/sparc_nav/share/sparc_nav/environment/ament_prefix_path.dsv
[0.394s] -- Up-to-date symlink: /home/swetank/sparc-rudra/ros2/install/sparc_nav/share/sparc_nav/environment/path.sh
[0.394s] -- Up-to-date symlink: /home/swetank/sparc-rudra/ros2/install/sparc_nav/share/sparc_nav/environment/path.dsv
[0.395s] -- Up-to-date symlink: /home/swetank/sparc-rudra/ros2/install/sparc_nav/share/sparc_nav/local_setup.bash
[0.395s] -- Up-to-date symlink: /home/swetank/sparc-rudra/ros2/install/sparc_nav/share/sparc_nav/local_setup.sh
[0.395s] -- Up-to-date symlink: /home/swetank/sparc-rudra/ros2/install/sparc_nav/share/sparc_nav/local_setup.zsh
[0.395s] -- Up-to-date symlink: /home/swetank/sparc-rudra/ros2/install/sparc_nav/share/sparc_nav/local_setup.dsv
[0.395s] -- Symlinking: /home/swetank/sparc-rudra/ros2/install/sparc_nav/share/sparc_nav/package.dsv
[0.407s] -- Up-to-date symlink: /home/swetank/sparc-rudra/ros2/install/sparc_nav/share/ament_index/resource_index/packages/sparc_nav
[0.407s] -- Up-to-date symlink: /home/swetank/sparc-rudra/ros2/install/sparc_nav/share/sparc_nav/cmake/sparc_navConfig.cmake
[0.407s] -- Up-to-date symlink: /home/swetank/sparc-rudra/ros2/install/sparc_nav/share/sparc_nav/cmake/sparc_navConfig-version.cmake
[0.407s] -- Up-to-date symlink: /home/swetank/sparc-rudra/ros2/install/sparc_nav/share/sparc_nav/package.xml
[0.407s] -- Up-to-date symlink: /home/swetank/sparc-rudra/ros2/install/sparc_nav/share/sparc_nav/launch/nav2_bringup.launch.py
[0.408s] -- Symlinking: /home/swetank/sparc-rudra/ros2/install/sparc_nav/share/sparc_nav/config/nav2_params.yaml
[0.421s] Invoked command in '/home/swetank/sparc-rudra/ros2/build/sparc_nav' returned '0': CMAKE_PREFIX_PATH=${CMAKE_PREFIX_PATH}:/home/swetank/sparc-rudra/ros2/install/stair_detector:/opt/ros/jazzy DEBUGINFOD_URLS=https://debuginfod.ubuntu.com /usr/bin/cmake --install /home/swetank/sparc-rudra/ros2/build/sparc_nav
