-- The C compiler identification is GNU 13.3.0
-- The CXX compiler identification is GNU 13.3.0
-- Detecting C compiler ABI info
-- Detecting C compiler ABI info - done
-- Check for working C compiler: /usr/bin/cc - skipped
-- Detecting C compile features
-- Detecting C compile features - done
-- Detecting CXX compiler ABI info
-- Detecting CXX compiler ABI info - done
-- Check for working CXX compiler: /usr/bin/c++ - skipped
-- Detecting CXX compile features
-- Detecting CXX compile features - done
-- Found ament_cmake: 2.5.4 (/opt/ros/jazzy/share/ament_cmake/cmake)
-- Found Python3: /usr/bin/python3 (found version "3.12.3") found components: Interpreter 
-- Override CMake install command with custom implementation using symlinks instead of copying resources
-- Found ament_lint_auto: 0.17.3 (/opt/ros/jazzy/share/ament_lint_auto/cmake)
-- Added test 'flake8' to check Python code syntax and style conventions
-- Configured 'flake8' exclude dirs and/or files: 
-- Added test 'lint_cmake' to check CMake code style
-- Added test 'pep257' to check Python code against some of the docstring style conventions in PEP 257
-- Added test 'xmllint' to check XML markup files
-- Configuring done (0.7s)
-- Generating done (0.0s)
-- Build files have been written to: /home/swetank/sparc-rudra/ros2/build/sparc_nav
-- Install configuration: ""
-- Execute custom install script
-- Symlinking: /home/swetank/sparc-rudra/ros2/install/sparc_nav/share/ament_index/resource_index/package_run_dependencies/sparc_nav
-- Symlinking: /home/swetank/sparc-rudra/ros2/install/sparc_nav/share/ament_index/resource_index/parent_prefix_path/sparc_nav
-- Symlinking: /home/swetank/sparc-rudra/ros2/install/sparc_nav/share/sparc_nav/environment/ament_prefix_path.sh
-- Symlinking: /home/swetank/sparc-rudra/ros2/install/sparc_nav/share/sparc_nav/environment/ament_prefix_path.dsv
-- Symlinking: /home/swetank/sparc-rudra/ros2/install/sparc_nav/share/sparc_nav/environment/path.sh
-- Symlinking: /home/swetank/sparc-rudra/ros2/install/sparc_nav/share/sparc_nav/environment/path.dsv
-- Symlinking: /home/swetank/sparc-rudra/ros2/install/sparc_nav/share/sparc_nav/local_setup.bash
-- Symlinking: /home/swetank/sparc-rudra/ros2/install/sparc_nav/share/sparc_nav/local_setup.sh
-- Symlinking: /home/swetank/sparc-rudra/ros2/install/sparc_nav/share/sparc_nav/local_setup.zsh
-- Symlinking: /home/swetank/sparc-rudra/ros2/install/sparc_nav/share/sparc_nav/local_setup.dsv
-- Symlinking: /home/swetank/sparc-rudra/ros2/install/sparc_nav/share/sparc_nav/package.dsv
-- Symlinking: /home/swetank/sparc-rudra/ros2/install/sparc_nav/share/ament_index/resource_index/packages/sparc_nav
-- Symlinking: /home/swetank/sparc-rudra/ros2/install/sparc_nav/share/sparc_nav/cmake/sparc_navConfig.cmake
-- Symlinking: /home/swetank/sparc-rudra/ros2/install/sparc_nav/share/sparc_nav/cmake/sparc_navConfig-version.cmake
-- Symlinking: /home/swetank/sparc-rudra/ros2/install/sparc_nav/share/sparc_nav/package.xml
-- Symlinking: /home/swetank/sparc-rudra/ros2/install/sparc_nav/share/sparc_nav/launch/nav2_bringup.launch.py
[31mCMake Error at ament_cmake_symlink_install/ament_cmake_symlink_install.cmake:100 (message):
  ament_cmake_symlink_install_directory() can't find
  '/home/swetank/sparc-rudra/ros2/src/sparc_nav/worlds'
Call Stack (most recent call first):
  ament_cmake_symlink_install/ament_cmake_symlink_install.cmake:356 (ament_cmake_symlink_install_directory)
  cmake_install.cmake:46 (include)

[0m
