[0.015s] Invoking command in '/home/swetank/sparc-rudra/ros2/build/sparc_nav': CMAKE_PREFIX_PATH=${CMAKE_PREFIX_PATH}:/home/swetank/sparc-rudra/ros2/install/stair_detector:/opt/ros/jazzy DEBUGINFOD_URLS=https://debuginfod.ubuntu.com /usr/bin/cmake /home/swetank/sparc-rudra/ros2/src/sparc_nav -DAMENT_CMAKE_SYMLINK_INSTALL=1 -DCMAKE_INSTALL_PREFIX=/home/swetank/sparc-rudra/ros2/install/sparc_nav
[0.069s] -- The C compiler identification is GNU 13.3.0
[0.124s] -- The CXX compiler identification is GNU 13.3.0
[0.142s] -- Detecting C compiler ABI info
[0.240s] -- Detecting C compiler ABI info - done
[0.247s] -- Check for working C compiler: /usr/bin/cc - skipped
[0.247s] -- Detecting C compile features
[0.247s] -- Detecting C compile features - done
[0.258s] -- Detecting CXX compiler ABI info
[0.363s] -- Detecting CXX compiler ABI info - done
[0.370s] -- Check for working CXX compiler: /usr/bin/c++ - skipped
[0.370s] -- Detecting CXX compile features
[0.371s] -- Detecting CXX compile features - done
[0.375s] -- Found ament_cmake: 2.5.4 (/opt/ros/jazzy/share/ament_cmake/cmake)
[0.518s] -- Found Python3: /usr/bin/python3 (found version "3.12.3") found components: Interpreter 
[0.582s] -- Override CMake install command with custom implementation using symlinks instead of copying resources
[0.635s] -- Found ament_lint_auto: 0.17.3 (/opt/ros/jazzy/share/ament_lint_auto/cmake)
[0.746s] -- Added test 'flake8' to check Python code syntax and style conventions
[0.747s] -- Configured 'flake8' exclude dirs and/or files: 
[0.747s] -- Added test 'lint_cmake' to check CMake code style
[0.748s] -- Added test 'pep257' to check Python code against some of the docstring style conventions in PEP 257
[0.749s] -- Added test 'xmllint' to check XML markup files
[0.751s] -- Configuring done (0.7s)
[0.754s] -- Generating done (0.0s)
[0.755s] -- Build files have been written to: /home/swetank/sparc-rudra/ros2/build/sparc_nav
[0.761s] Invoked command in '/home/swetank/sparc-rudra/ros2/build/sparc_nav' returned '0': CMAKE_PREFIX_PATH=${CMAKE_PREFIX_PATH}:/home/swetank/sparc-rudra/ros2/install/stair_detector:/opt/ros/jazzy DEBUGINFOD_URLS=https://debuginfod.ubuntu.com /usr/bin/cmake /home/swetank/sparc-rudra/ros2/src/sparc_nav -DAMENT_CMAKE_SYMLINK_INSTALL=1 -DCMAKE_INSTALL_PREFIX=/home/swetank/sparc-rudra/ros2/install/sparc_nav
[0.761s] Invoking command in '/home/swetank/sparc-rudra/ros2/build/sparc_nav': CMAKE_PREFIX_PATH=${CMAKE_PREFIX_PATH}:/home/swetank/sparc-rudra/ros2/install/stair_detector:/opt/ros/jazzy DEBUGINFOD_URLS=https://debuginfod.ubuntu.com /usr/bin/cmake --build /home/swetank/sparc-rudra/ros2/build/sparc_nav -- -j16 -l16
[0.808s] Invoked command in '/home/swetank/sparc-rudra/ros2/build/sparc_nav' returned '0': CMAKE_PREFIX_PATH=${CMAKE_PREFIX_PATH}:/home/swetank/sparc-rudra/ros2/install/stair_detector:/opt/ros/jazzy DEBUGINFOD_URLS=https://debuginfod.ubuntu.com /usr/bin/cmake --build /home/swetank/sparc-rudra/ros2/build/sparc_nav -- -j16 -l16
[0.809s] Invoking command in '/home/swetank/sparc-rudra/ros2/build/sparc_nav': CMAKE_PREFIX_PATH=${CMAKE_PREFIX_PATH}:/home/swetank/sparc-rudra/ros2/install/stair_detector:/opt/ros/jazzy DEBUGINFOD_URLS=https://debuginfod.ubuntu.com /usr/bin/cmake --install /home/swetank/sparc-rudra/ros2/build/sparc_nav
[0.817s] -- Install configuration: ""
[0.817s] -- Execute custom install script
[0.818s] -- Symlinking: /home/swetank/sparc-rudra/ros2/install/sparc_nav/share/ament_index/resource_index/package_run_dependencies/sparc_nav
[0.829s] -- Symlinking: /home/swetank/sparc-rudra/ros2/install/sparc_nav/share/ament_index/resource_index/parent_prefix_path/sparc_nav
[0.839s] -- Symlinking: /home/swetank/sparc-rudra/ros2/install/sparc_nav/share/sparc_nav/environment/ament_prefix_path.sh
[0.850s] -- Symlinking: /home/swetank/sparc-rudra/ros2/install/sparc_nav/share/sparc_nav/environment/ament_prefix_path.dsv
[0.862s] -- Symlinking: /home/swetank/sparc-rudra/ros2/install/sparc_nav/share/sparc_nav/environment/path.sh
[0.872s] -- Symlinking: /home/swetank/sparc-rudra/ros2/install/sparc_nav/share/sparc_nav/environment/path.dsv
[0.884s] -- Symlinking: /home/swetank/sparc-rudra/ros2/install/sparc_nav/share/sparc_nav/local_setup.bash
[0.895s] -- Symlinking: /home/swetank/sparc-rudra/ros2/install/sparc_nav/share/sparc_nav/local_setup.sh
[0.906s] -- Symlinking: /home/swetank/sparc-rudra/ros2/install/sparc_nav/share/sparc_nav/local_setup.zsh
[0.916s] -- Symlinking: /home/swetank/sparc-rudra/ros2/install/sparc_nav/share/sparc_nav/local_setup.dsv
[0.927s] -- Symlinking: /home/swetank/sparc-rudra/ros2/install/sparc_nav/share/sparc_nav/package.dsv
[0.938s] -- Symlinking: /home/swetank/sparc-rudra/ros2/install/sparc_nav/share/ament_index/resource_index/packages/sparc_nav
[0.949s] -- Symlinking: /home/swetank/sparc-rudra/ros2/install/sparc_nav/share/sparc_nav/cmake/sparc_navConfig.cmake
[0.960s] -- Symlinking: /home/swetank/sparc-rudra/ros2/install/sparc_nav/share/sparc_nav/cmake/sparc_navConfig-version.cmake
[0.971s] -- Symlinking: /home/swetank/sparc-rudra/ros2/install/sparc_nav/share/sparc_nav/package.xml
[0.981s] -- Symlinking: /home/swetank/sparc-rudra/ros2/install/sparc_nav/share/sparc_nav/launch/nav2_bringup.launch.py
[0.992s] [31mCMake Error at ament_cmake_symlink_install/ament_cmake_symlink_install.cmake:100 (message):
[0.992s]   ament_cmake_symlink_install_directory() can't find
[0.992s]   '/home/swetank/sparc-rudra/ros2/src/sparc_nav/worlds'
[0.992s] Call Stack (most recent call first):
[0.992s]   ament_cmake_symlink_install/ament_cmake_symlink_install.cmake:356 (ament_cmake_symlink_install_directory)
[0.992s]   cmake_install.cmake:46 (include)
[0.992s] 
[0.992s] [0m
[0.994s] Invoked command in '/home/swetank/sparc-rudra/ros2/build/sparc_nav' returned '1': CMAKE_PREFIX_PATH=${CMAKE_PREFIX_PATH}:/home/swetank/sparc-rudra/ros2/install/stair_detector:/opt/ros/jazzy DEBUGINFOD_URLS=https://debuginfod.ubuntu.com /usr/bin/cmake --install /home/swetank/sparc-rudra/ros2/build/sparc_nav
