[0.082s] DEBUG:colcon:Command line arguments: ['/usr/bin/colcon', 'build', '--symlink-install']
[0.082s] DEBUG:colcon:Parsed command line arguments: Namespace(log_base=None, log_level=None, verb_name='build', build_base='build', install_base='install', merge_install=False, symlink_install=True, test_result_base=None, continue_on_error=False, executor='parallel', parallel_workers=16, event_handlers=None, ignore_user_meta=False, metas=['./colcon.meta'], base_paths=['.'], packages_ignore=None, packages_ignore_regex=None, paths=None, packages_up_to=None, packages_up_to_regex=None, packages_above=None, packages_above_and_dependencies=None, packages_above_depth=None, packages_select_by_dep=None, packages_skip_by_dep=None, packages_skip_up_to=None, packages_select_build_failed=False, packages_skip_build_finished=False, packages_select_test_failures=False, packages_skip_test_passed=False, packages_select=None, packages_skip=None, packages_select_regex=None, packages_skip_regex=None, packages_start=None, packages_end=None, allow_overriding=[], cmake_args=None, cmake_target=None, cmake_target_skip_unavailable=False, cmake_clean_cache=False, cmake_clean_first=False, cmake_force_configure=False, ament_cmake_args=None, catkin_cmake_args=None, catkin_skip_building_tests=False, verb_parser=<colcon_defaults.argument_parser.defaults.DefaultArgumentsDecorator object at 0x7a97ff07a7e0>, verb_extension=<colcon_core.verb.build.BuildVerb object at 0x7a97ff021e20>, main=<bound method BuildVerb.main of <colcon_core.verb.build.BuildVerb object at 0x7a97ff021e20>>)
[0.116s] Level 1:colcon.colcon_core.package_discovery:discover_packages(colcon_meta) check parameters
[0.116s] Level 1:colcon.colcon_core.package_discovery:discover_packages(recursive) check parameters
[0.116s] Level 1:colcon.colcon_core.package_discovery:discover_packages(ignore) check parameters
[0.116s] Level 1:colcon.colcon_core.package_discovery:discover_packages(path) check parameters
[0.116s] Level 1:colcon.colcon_core.package_discovery:discover_packages(colcon_meta) discover
[0.116s] Level 1:colcon.colcon_core.package_discovery:discover_packages(recursive) discover
[0.116s] INFO:colcon.colcon_core.package_discovery:Crawling recursively for packages in '/home/swetank/sparc-rudra/ros2'
[0.116s] Level 1:colcon.colcon_core.package_identification:_identify(.) by extensions ['ignore', 'ignore_ament_install']
[0.116s] Level 1:colcon.colcon_core.package_identification:_identify(.) by extension 'ignore'
[0.116s] Level 1:colcon.colcon_core.package_identification:_identify(.) by extension 'ignore_ament_install'
[0.116s] Level 1:colcon.colcon_core.package_identification:_identify(.) by extensions ['colcon_pkg']
[0.116s] Level 1:colcon.colcon_core.package_identification:_identify(.) by extension 'colcon_pkg'
[0.116s] Level 1:colcon.colcon_core.package_identification:_identify(.) by extensions ['colcon_meta']
[0.116s] Level 1:colcon.colcon_core.package_identification:_identify(.) by extension 'colcon_meta'
[0.116s] Level 1:colcon.colcon_core.package_identification:_identify(.) by extensions ['ros']
[0.116s] Level 1:colcon.colcon_core.package_identification:_identify(.) by extension 'ros'
[0.138s] Level 1:colcon.colcon_core.package_identification:_identify(.) by extensions ['cmake', 'python']
[0.138s] Level 1:colcon.colcon_core.package_identification:_identify(.) by extension 'cmake'
[0.138s] Level 1:colcon.colcon_core.package_identification:_identify(.) by extension 'python'
[0.138s] Level 1:colcon.colcon_core.package_identification:_identify(.) by extensions ['python_setup_py']
[0.138s] Level 1:colcon.colcon_core.package_identification:_identify(.) by extension 'python_setup_py'
[0.138s] Level 1:colcon.colcon_core.package_identification:_identify(build) by extensions ['ignore', 'ignore_ament_install']
[0.138s] Level 1:colcon.colcon_core.package_identification:_identify(build) by extension 'ignore'
[0.138s] Level 1:colcon.colcon_core.package_identification:_identify(build) ignored
[0.138s] Level 1:colcon.colcon_core.package_identification:_identify(install) by extensions ['ignore', 'ignore_ament_install']
[0.138s] Level 1:colcon.colcon_core.package_identification:_identify(install) by extension 'ignore'
[0.139s] Level 1:colcon.colcon_core.package_identification:_identify(install) ignored
[0.139s] Level 1:colcon.colcon_core.package_identification:_identify(log) by extensions ['ignore', 'ignore_ament_install']
[0.139s] Level 1:colcon.colcon_core.package_identification:_identify(log) by extension 'ignore'
[0.139s] Level 1:colcon.colcon_core.package_identification:_identify(log) ignored
[0.139s] Level 1:colcon.colcon_core.package_identification:_identify(src) by extensions ['ignore', 'ignore_ament_install']
[0.139s] Level 1:colcon.colcon_core.package_identification:_identify(src) by extension 'ignore'
[0.139s] Level 1:colcon.colcon_core.package_identification:_identify(src) by extension 'ignore_ament_install'
[0.139s] Level 1:colcon.colcon_core.package_identification:_identify(src) by extensions ['colcon_pkg']
[0.139s] Level 1:colcon.colcon_core.package_identification:_identify(src) by extension 'colcon_pkg'
[0.139s] Level 1:colcon.colcon_core.package_identification:_identify(src) by extensions ['colcon_meta']
[0.139s] Level 1:colcon.colcon_core.package_identification:_identify(src) by extension 'colcon_meta'
[0.139s] Level 1:colcon.colcon_core.package_identification:_identify(src) by extensions ['ros']
[0.139s] Level 1:colcon.colcon_core.package_identification:_identify(src) by extension 'ros'
[0.139s] Level 1:colcon.colcon_core.package_identification:_identify(src) by extensions ['cmake', 'python']
[0.139s] Level 1:colcon.colcon_core.package_identification:_identify(src) by extension 'cmake'
[0.139s] Level 1:colcon.colcon_core.package_identification:_identify(src) by extension 'python'
[0.139s] Level 1:colcon.colcon_core.package_identification:_identify(src) by extensions ['python_setup_py']
[0.139s] Level 1:colcon.colcon_core.package_identification:_identify(src) by extension 'python_setup_py'
[0.139s] Level 1:colcon.colcon_core.package_identification:_identify(src/rudra_gazebo) by extensions ['ignore', 'ignore_ament_install']
[0.140s] Level 1:colcon.colcon_core.package_identification:_identify(src/rudra_gazebo) by extension 'ignore'
[0.140s] Level 1:colcon.colcon_core.package_identification:_identify(src/rudra_gazebo) by extension 'ignore_ament_install'
[0.140s] Level 1:colcon.colcon_core.package_identification:_identify(src/rudra_gazebo) by extensions ['colcon_pkg']
[0.140s] Level 1:colcon.colcon_core.package_identification:_identify(src/rudra_gazebo) by extension 'colcon_pkg'
[0.140s] Level 1:colcon.colcon_core.package_identification:_identify(src/rudra_gazebo) by extensions ['colcon_meta']
[0.140s] Level 1:colcon.colcon_core.package_identification:_identify(src/rudra_gazebo) by extension 'colcon_meta'
[0.140s] Level 1:colcon.colcon_core.package_identification:_identify(src/rudra_gazebo) by extensions ['ros']
[0.140s] Level 1:colcon.colcon_core.package_identification:_identify(src/rudra_gazebo) by extension 'ros'
[0.143s] DEBUG:colcon.colcon_core.package_identification:Package 'src/rudra_gazebo' with type 'ros.ament_cmake' and name 'rudra_gazebo'
[0.143s] Level 1:colcon.colcon_core.package_identification:_identify(src/sparc_description) by extensions ['ignore', 'ignore_ament_install']
[0.143s] Level 1:colcon.colcon_core.package_identification:_identify(src/sparc_description) by extension 'ignore'
[0.143s] Level 1:colcon.colcon_core.package_identification:_identify(src/sparc_description) by extension 'ignore_ament_install'
[0.143s] Level 1:colcon.colcon_core.package_identification:_identify(src/sparc_description) by extensions ['colcon_pkg']
[0.143s] Level 1:colcon.colcon_core.package_identification:_identify(src/sparc_description) by extension 'colcon_pkg'
[0.143s] Level 1:colcon.colcon_core.package_identification:_identify(src/sparc_description) by extensions ['colcon_meta']
[0.143s] Level 1:colcon.colcon_core.package_identification:_identify(src/sparc_description) by extension 'colcon_meta'
[0.143s] Level 1:colcon.colcon_core.package_identification:_identify(src/sparc_description) by extensions ['ros']
[0.143s] Level 1:colcon.colcon_core.package_identification:_identify(src/sparc_description) by extension 'ros'
[0.143s] DEBUG:colcon.colcon_core.package_identification:Package 'src/sparc_description' with type 'ros.ament_cmake' and name 'sparc_description'
[0.144s] Level 1:colcon.colcon_core.package_identification:_identify(src/sparc_nav) by extensions ['ignore', 'ignore_ament_install']
[0.144s] Level 1:colcon.colcon_core.package_identification:_identify(src/sparc_nav) by extension 'ignore'
[0.144s] Level 1:colcon.colcon_core.package_identification:_identify(src/sparc_nav) by extension 'ignore_ament_install'
[0.144s] Level 1:colcon.colcon_core.package_identification:_identify(src/sparc_nav) by extensions ['colcon_pkg']
[0.144s] Level 1:colcon.colcon_core.package_identification:_identify(src/sparc_nav) by extension 'colcon_pkg'
[0.144s] Level 1:colcon.colcon_core.package_identification:_identify(src/sparc_nav) by extensions ['colcon_meta']
[0.144s] Level 1:colcon.colcon_core.package_identification:_identify(src/sparc_nav) by extension 'colcon_meta'
[0.144s] Level 1:colcon.colcon_core.package_identification:_identify(src/sparc_nav) by extensions ['ros']
[0.144s] Level 1:colcon.colcon_core.package_identification:_identify(src/sparc_nav) by extension 'ros'
[0.144s] DEBUG:colcon.colcon_core.package_identification:Package 'src/sparc_nav' with type 'ros.ament_cmake' and name 'sparc_nav'
[0.144s] Level 1:colcon.colcon_core.package_identification:_identify(src/stair_detector) by extensions ['ignore', 'ignore_ament_install']
[0.144s] Level 1:colcon.colcon_core.package_identification:_identify(src/stair_detector) by extension 'ignore'
[0.144s] Level 1:colcon.colcon_core.package_identification:_identify(src/stair_detector) by extension 'ignore_ament_install'
[0.144s] Level 1:colcon.colcon_core.package_identification:_identify(src/stair_detector) by extensions ['colcon_pkg']
[0.144s] Level 1:colcon.colcon_core.package_identification:_identify(src/stair_detector) by extension 'colcon_pkg'
[0.144s] Level 1:colcon.colcon_core.package_identification:_identify(src/stair_detector) by extensions ['colcon_meta']
[0.144s] Level 1:colcon.colcon_core.package_identification:_identify(src/stair_detector) by extension 'colcon_meta'
[0.144s] Level 1:colcon.colcon_core.package_identification:_identify(src/stair_detector) by extensions ['ros']
[0.144s] Level 1:colcon.colcon_core.package_identification:_identify(src/stair_detector) by extension 'ros'
[0.145s] DEBUG:colcon.colcon_core.package_identification:Package 'src/stair_detector' with type 'ros.ament_python' and name 'stair_detector'
[0.145s] Level 1:colcon.colcon_core.package_discovery:discover_packages(recursive) using defaults
[0.145s] Level 1:colcon.colcon_core.package_discovery:discover_packages(ignore) discover
[0.145s] Level 1:colcon.colcon_core.package_discovery:discover_packages(ignore) using defaults
[0.145s] Level 1:colcon.colcon_core.package_discovery:discover_packages(path) discover
[0.145s] Level 1:colcon.colcon_core.package_discovery:discover_packages(path) using defaults
[0.160s] Level 1:colcon.colcon_core.package_discovery:discover_packages(prefix_path) check parameters
[0.160s] Level 1:colcon.colcon_core.package_discovery:discover_packages(prefix_path) discover
[0.161s] DEBUG:colcon.colcon_installed_package_information.package_discovery:Found 4 installed packages in /home/swetank/sparc-rudra/ros2/install
[0.163s] DEBUG:colcon.colcon_installed_package_information.package_discovery:Found 369 installed packages in /opt/ros/jazzy
[0.164s] Level 1:colcon.colcon_core.package_discovery:discover_packages(prefix_path) using defaults
[0.203s] Level 5:colcon.colcon_core.verb:set package 'rudra_gazebo' build argument 'cmake_args' from command line to 'None'
[0.203s] Level 5:colcon.colcon_core.verb:set package 'rudra_gazebo' build argument 'cmake_target' from command line to 'None'
[0.204s] Level 5:colcon.colcon_core.verb:set package 'rudra_gazebo' build argument 'cmake_target_skip_unavailable' from command line to 'False'
[0.204s] Level 5:colcon.colcon_core.verb:set package 'rudra_gazebo' build argument 'cmake_clean_cache' from command line to 'False'
[0.204s] Level 5:colcon.colcon_core.verb:set package 'rudra_gazebo' build argument 'cmake_clean_first' from command line to 'False'
[0.204s] Level 5:colcon.colcon_core.verb:set package 'rudra_gazebo' build argument 'cmake_force_configure' from command line to 'False'
[0.204s] Level 5:colcon.colcon_core.verb:set package 'rudra_gazebo' build argument 'ament_cmake_args' from command line to 'None'
[0.204s] Level 5:colcon.colcon_core.verb:set package 'rudra_gazebo' build argument 'catkin_cmake_args' from command line to 'None'
[0.204s] Level 5:colcon.colcon_core.verb:set package 'rudra_gazebo' build argument 'catkin_skip_building_tests' from command line to 'False'
[0.204s] DEBUG:colcon.colcon_core.verb:Building package 'rudra_gazebo' with the following arguments: {'ament_cmake_args': None, 'build_base': '/home/swetank/sparc-rudra/ros2/build/rudra_gazebo', 'catkin_cmake_args': None, 'catkin_skip_building_tests': False, 'cmake_args': None, 'cmake_clean_cache': False, 'cmake_clean_first': False, 'cmake_force_configure': False, 'cmake_target': None, 'cmake_target_skip_unavailable': False, 'install_base': '/home/swetank/sparc-rudra/ros2/install/rudra_gazebo', 'merge_install': False, 'path': '/home/swetank/sparc-rudra/ros2/src/rudra_gazebo', 'symlink_install': True, 'test_result_base': None}
[0.204s] Level 5:colcon.colcon_core.verb:set package 'sparc_description' build argument 'cmake_args' from command line to 'None'
[0.204s] Level 5:colcon.colcon_core.verb:set package 'sparc_description' build argument 'cmake_target' from command line to 'None'
[0.204s] Level 5:colcon.colcon_core.verb:set package 'sparc_description' build argument 'cmake_target_skip_unavailable' from command line to 'False'
[0.204s] Level 5:colcon.colcon_core.verb:set package 'sparc_description' build argument 'cmake_clean_cache' from command line to 'False'
[0.204s] Level 5:colcon.colcon_core.verb:set package 'sparc_description' build argument 'cmake_clean_first' from command line to 'False'
[0.204s] Level 5:colcon.colcon_core.verb:set package 'sparc_description' build argument 'cmake_force_configure' from command line to 'False'
[0.204s] Level 5:colcon.colcon_core.verb:set package 'sparc_description' build argument 'ament_cmake_args' from command line to 'None'
[0.204s] Level 5:colcon.colcon_core.verb:set package 'sparc_description' build argument 'catkin_cmake_args' from command line to 'None'
[0.204s] Level 5:colcon.colcon_core.verb:set package 'sparc_description' build argument 'catkin_skip_building_tests' from command line to 'False'
[0.204s] DEBUG:colcon.colcon_core.verb:Building package 'sparc_description' with the following arguments: {'ament_cmake_args': None, 'build_base': '/home/swetank/sparc-rudra/ros2/build/sparc_description', 'catkin_cmake_args': None, 'catkin_skip_building_tests': False, 'cmake_args': None, 'cmake_clean_cache': False, 'cmake_clean_first': False, 'cmake_force_configure': False, 'cmake_target': None, 'cmake_target_skip_unavailable': False, 'install_base': '/home/swetank/sparc-rudra/ros2/install/sparc_description', 'merge_install': False, 'path': '/home/swetank/sparc-rudra/ros2/src/sparc_description', 'symlink_install': True, 'test_result_base': None}
[0.204s] Level 5:colcon.colcon_core.verb:set package 'sparc_nav' build argument 'cmake_args' from command line to 'None'
[0.204s] Level 5:colcon.colcon_core.verb:set package 'sparc_nav' build argument 'cmake_target' from command line to 'None'
[0.204s] Level 5:colcon.colcon_core.verb:set package 'sparc_nav' build argument 'cmake_target_skip_unavailable' from command line to 'False'
[0.204s] Level 5:colcon.colcon_core.verb:set package 'sparc_nav' build argument 'cmake_clean_cache' from command line to 'False'
[0.204s] Level 5:colcon.colcon_core.verb:set package 'sparc_nav' build argument 'cmake_clean_first' from command line to 'False'
[0.204s] Level 5:colcon.colcon_core.verb:set package 'sparc_nav' build argument 'cmake_force_configure' from command line to 'False'
[0.204s] Level 5:colcon.colcon_core.verb:set package 'sparc_nav' build argument 'ament_cmake_args' from command line to 'None'
[0.204s] Level 5:colcon.colcon_core.verb:set package 'sparc_nav' build argument 'catkin_cmake_args' from command line to 'None'
[0.204s] Level 5:colcon.colcon_core.verb:set package 'sparc_nav' build argument 'catkin_skip_building_tests' from command line to 'False'
[0.204s] DEBUG:colcon.colcon_core.verb:Building package 'sparc_nav' with the following arguments: {'ament_cmake_args': None, 'build_base': '/home/swetank/sparc-rudra/ros2/build/sparc_nav', 'catkin_cmake_args': None, 'catkin_skip_building_tests': False, 'cmake_args': None, 'cmake_clean_cache': False, 'cmake_clean_first': False, 'cmake_force_configure': False, 'cmake_target': None, 'cmake_target_skip_unavailable': False, 'install_base': '/home/swetank/sparc-rudra/ros2/install/sparc_nav', 'merge_install': False, 'path': '/home/swetank/sparc-rudra/ros2/src/sparc_nav', 'symlink_install': True, 'test_result_base': None}
[0.204s] Level 5:colcon.colcon_core.verb:set package 'stair_detector' build argument 'cmake_args' from command line to 'None'
[0.204s] Level 5:colcon.colcon_core.verb:set package 'stair_detector' build argument 'cmake_target' from command line to 'None'
[0.204s] Level 5:colcon.colcon_core.verb:set package 'stair_detector' build argument 'cmake_target_skip_unavailable' from command line to 'False'
[0.204s] Level 5:colcon.colcon_core.verb:set package 'stair_detector' build argument 'cmake_clean_cache' from command line to 'False'
[0.204s] Level 5:colcon.colcon_core.verb:set package 'stair_detector' build argument 'cmake_clean_first' from command line to 'False'
[0.204s] Level 5:colcon.colcon_core.verb:set package 'stair_detector' build argument 'cmake_force_configure' from command line to 'False'
[0.204s] Level 5:colcon.colcon_core.verb:set package 'stair_detector' build argument 'ament_cmake_args' from command line to 'None'
[0.204s] Level 5:colcon.colcon_core.verb:set package 'stair_detector' build argument 'catkin_cmake_args' from command line to 'None'
[0.204s] Level 5:colcon.colcon_core.verb:set package 'stair_detector' build argument 'catkin_skip_building_tests' from command line to 'False'
[0.204s] DEBUG:colcon.colcon_core.verb:Building package 'stair_detector' with the following arguments: {'ament_cmake_args': None, 'build_base': '/home/swetank/sparc-rudra/ros2/build/stair_detector', 'catkin_cmake_args': None, 'catkin_skip_building_tests': False, 'cmake_args': None, 'cmake_clean_cache': False, 'cmake_clean_first': False, 'cmake_force_configure': False, 'cmake_target': None, 'cmake_target_skip_unavailable': False, 'install_base': '/home/swetank/sparc-rudra/ros2/install/stair_detector', 'merge_install': False, 'path': '/home/swetank/sparc-rudra/ros2/src/stair_detector', 'symlink_install': True, 'test_result_base': None}
[0.204s] INFO:colcon.colcon_core.executor:Executing jobs using 'parallel' executor
[0.205s] DEBUG:colcon.colcon_parallel_executor.executor.parallel:run_until_complete
[0.205s] INFO:colcon.colcon_ros.task.ament_cmake.build:Building ROS package in '/home/swetank/sparc-rudra/ros2/src/rudra_gazebo' with build type 'ament_cmake'
[0.205s] INFO:colcon.colcon_cmake.task.cmake.build:Building CMake package in '/home/swetank/sparc-rudra/ros2/src/rudra_gazebo'
[0.207s] INFO:colcon.colcon_core.plugin_system:Skipping extension 'colcon_core.shell.bat': Not used on non-Windows systems
[0.207s] INFO:colcon.colcon_core.shell:Skip shell extension 'powershell' for command environment: Not usable outside of PowerShell
[0.207s] DEBUG:colcon.colcon_core.shell:Skip shell extension 'dsv' for command environment
[0.211s] INFO:colcon.colcon_ros.task.ament_cmake.build:Building ROS package in '/home/swetank/sparc-rudra/ros2/src/sparc_description' with build type 'ament_cmake'
[0.211s] INFO:colcon.colcon_cmake.task.cmake.build:Building CMake package in '/home/swetank/sparc-rudra/ros2/src/sparc_description'
[0.211s] INFO:colcon.colcon_core.shell:Skip shell extension 'powershell' for command environment: Not usable outside of PowerShell
[0.211s] DEBUG:colcon.colcon_core.shell:Skip shell extension 'dsv' for command environment
[0.215s] INFO:colcon.colcon_ros.task.ament_cmake.build:Building ROS package in '/home/swetank/sparc-rudra/ros2/src/sparc_nav' with build type 'ament_cmake'
[0.215s] INFO:colcon.colcon_cmake.task.cmake.build:Building CMake package in '/home/swetank/sparc-rudra/ros2/src/sparc_nav'
[0.215s] INFO:colcon.colcon_core.shell:Skip shell extension 'powershell' for command environment: Not usable outside of PowerShell
[0.215s] DEBUG:colcon.colcon_core.shell:Skip shell extension 'dsv' for command environment
[0.218s] INFO:colcon.colcon_ros.task.ament_python.build:Building ROS package in '/home/swetank/sparc-rudra/ros2/src/stair_detector' with build type 'ament_python'
[0.218s] Level 1:colcon.colcon_core.shell:create_environment_hook('stair_detector', 'ament_prefix_path')
[0.219s] INFO:colcon.colcon_core.shell:Creating environment hook '/home/swetank/sparc-rudra/ros2/install/stair_detector/share/stair_detector/hook/ament_prefix_path.ps1'
[0.219s] INFO:colcon.colcon_core.shell:Creating environment descriptor '/home/swetank/sparc-rudra/ros2/install/stair_detector/share/stair_detector/hook/ament_prefix_path.dsv'
[0.219s] INFO:colcon.colcon_core.shell:Creating environment hook '/home/swetank/sparc-rudra/ros2/install/stair_detector/share/stair_detector/hook/ament_prefix_path.sh'
[0.220s] INFO:colcon.colcon_core.shell:Skip shell extension 'powershell' for command environment: Not usable outside of PowerShell
[0.220s] DEBUG:colcon.colcon_core.shell:Skip shell extension 'dsv' for command environment
[0.237s] DEBUG:colcon.colcon_core.event_handler.log_command:Invoking command in '/home/swetank/sparc-rudra/ros2/build/rudra_gazebo': CMAKE_PREFIX_PATH=${CMAKE_PREFIX_PATH}:/home/swetank/sparc-rudra/ros2/install/stair_detector:/opt/ros/jazzy DEBUGINFOD_URLS=https://debuginfod.ubuntu.com /usr/bin/cmake --build /home/swetank/sparc-rudra/ros2/build/rudra_gazebo -- -j16 -l16
[0.240s] DEBUG:colcon.colcon_core.event_handler.log_command:Invoking command in '/home/swetank/sparc-rudra/ros2/build/sparc_description': CMAKE_PREFIX_PATH=${CMAKE_PREFIX_PATH}:/home/swetank/sparc-rudra/ros2/install/stair_detector:/opt/ros/jazzy DEBUGINFOD_URLS=https://debuginfod.ubuntu.com /usr/bin/cmake --build /home/swetank/sparc-rudra/ros2/build/sparc_description -- -j16 -l16
[0.242s] DEBUG:colcon.colcon_core.event_handler.log_command:Invoking command in '/home/swetank/sparc-rudra/ros2/build/sparc_nav': CMAKE_PREFIX_PATH=${CMAKE_PREFIX_PATH}:/home/swetank/sparc-rudra/ros2/install/stair_detector:/opt/ros/jazzy DEBUGINFOD_URLS=https://debuginfod.ubuntu.com /usr/bin/cmake --build /home/swetank/sparc-rudra/ros2/build/sparc_nav -- -j16 -l16
[0.432s] INFO:colcon.colcon_core.task.python.build:Building Python package in '/home/swetank/sparc-rudra/ros2/src/stair_detector'
[0.433s] INFO:colcon.colcon_core.shell:Skip shell extension 'powershell' for command environment: Not usable outside of PowerShell
[0.433s] DEBUG:colcon.colcon_core.shell:Skip shell extension 'dsv' for command environment
[0.438s] DEBUG:colcon.colcon_core.event_handler.log_command:Invoked command in '/home/swetank/sparc-rudra/ros2/build/rudra_gazebo' returned '0': CMAKE_PREFIX_PATH=${CMAKE_PREFIX_PATH}:/home/swetank/sparc-rudra/ros2/install/stair_detector:/opt/ros/jazzy DEBUGINFOD_URLS=https://debuginfod.ubuntu.com /usr/bin/cmake --build /home/swetank/sparc-rudra/ros2/build/rudra_gazebo -- -j16 -l16
[0.449s] DEBUG:colcon.colcon_core.event_handler.log_command:Invoking command in '/home/swetank/sparc-rudra/ros2/build/rudra_gazebo': CMAKE_PREFIX_PATH=${CMAKE_PREFIX_PATH}:/home/swetank/sparc-rudra/ros2/install/stair_detector:/opt/ros/jazzy DEBUGINFOD_URLS=https://debuginfod.ubuntu.com /usr/bin/cmake --install /home/swetank/sparc-rudra/ros2/build/rudra_gazebo
[0.450s] DEBUG:colcon.colcon_core.event_handler.log_command:Invoked command in '/home/swetank/sparc-rudra/ros2/build/sparc_description' returned '0': CMAKE_PREFIX_PATH=${CMAKE_PREFIX_PATH}:/home/swetank/sparc-rudra/ros2/install/stair_detector:/opt/ros/jazzy DEBUGINFOD_URLS=https://debuginfod.ubuntu.com /usr/bin/cmake --build /home/swetank/sparc-rudra/ros2/build/sparc_description -- -j16 -l16
[0.451s] DEBUG:colcon.colcon_core.event_handler.log_command:Invoking command in '/home/swetank/sparc-rudra/ros2/build/sparc_description': CMAKE_PREFIX_PATH=${CMAKE_PREFIX_PATH}:/home/swetank/sparc-rudra/ros2/install/stair_detector:/opt/ros/jazzy DEBUGINFOD_URLS=https://debuginfod.ubuntu.com /usr/bin/cmake --install /home/swetank/sparc-rudra/ros2/build/sparc_description
[0.475s] Level 1:colcon.colcon_core.environment:create_environment_scripts_only(sparc_description)
[0.475s] DEBUG:colcon.colcon_core.event_handler.log_command:Invoked command in '/home/swetank/sparc-rudra/ros2/build/sparc_description' returned '0': CMAKE_PREFIX_PATH=${CMAKE_PREFIX_PATH}:/home/swetank/sparc-rudra/ros2/install/stair_detector:/opt/ros/jazzy DEBUGINFOD_URLS=https://debuginfod.ubuntu.com /usr/bin/cmake --install /home/swetank/sparc-rudra/ros2/build/sparc_description
[0.477s] Level 1:colcon.colcon_core.environment:checking '/home/swetank/sparc-rudra/ros2/install/sparc_description' for CMake module files
[0.477s] Level 1:colcon.colcon_core.environment:checking '/home/swetank/sparc-rudra/ros2/install/sparc_description' for CMake config files
[0.477s] Level 1:colcon.colcon_core.shell:create_environment_hook('sparc_description', 'cmake_prefix_path')
[0.478s] INFO:colcon.colcon_core.shell:Creating environment hook '/home/swetank/sparc-rudra/ros2/install/sparc_description/share/sparc_description/hook/cmake_prefix_path.ps1'
[0.478s] INFO:colcon.colcon_core.shell:Creating environment descriptor '/home/swetank/sparc-rudra/ros2/install/sparc_description/share/sparc_description/hook/cmake_prefix_path.dsv'
[0.478s] INFO:colcon.colcon_core.shell:Creating environment hook '/home/swetank/sparc-rudra/ros2/install/sparc_description/share/sparc_description/hook/cmake_prefix_path.sh'
[0.479s] Level 1:colcon.colcon_core.environment:checking '/home/swetank/sparc-rudra/ros2/install/sparc_description/bin'
[0.479s] Level 1:colcon.colcon_core.environment:checking '/home/swetank/sparc-rudra/ros2/install/sparc_description/lib/pkgconfig/sparc_description.pc'
[0.479s] Level 1:colcon.colcon_core.environment:checking '/home/swetank/sparc-rudra/ros2/install/sparc_description/lib/python3.12/site-packages'
[0.480s] Level 1:colcon.colcon_core.environment:checking '/home/swetank/sparc-rudra/ros2/install/sparc_description/bin'
[0.480s] INFO:colcon.colcon_core.shell:Creating package script '/home/swetank/sparc-rudra/ros2/install/sparc_description/share/sparc_description/package.ps1'
[0.480s] INFO:colcon.colcon_core.shell:Creating package descriptor '/home/swetank/sparc-rudra/ros2/install/sparc_description/share/sparc_description/package.dsv'
[0.480s] INFO:colcon.colcon_core.shell:Creating package script '/home/swetank/sparc-rudra/ros2/install/sparc_description/share/sparc_description/package.sh'
[0.481s] INFO:colcon.colcon_core.shell:Creating package script '/home/swetank/sparc-rudra/ros2/install/sparc_description/share/sparc_description/package.bash'
[0.482s] INFO:colcon.colcon_core.shell:Creating package script '/home/swetank/sparc-rudra/ros2/install/sparc_description/share/sparc_description/package.zsh'
[0.482s] Level 1:colcon.colcon_core.environment:create_file_with_runtime_dependencies(/home/swetank/sparc-rudra/ros2/install/sparc_description/share/colcon-core/packages/sparc_description)
[0.483s] Level 1:colcon.colcon_core.environment:create_environment_scripts_only(sparc_description)
[0.483s] Level 1:colcon.colcon_core.environment:checking '/home/swetank/sparc-rudra/ros2/install/sparc_description' for CMake module files
[0.483s] Level 1:colcon.colcon_core.environment:checking '/home/swetank/sparc-rudra/ros2/install/sparc_description' for CMake config files
[0.484s] Level 1:colcon.colcon_core.shell:create_environment_hook('sparc_description', 'cmake_prefix_path')
[0.484s] INFO:colcon.colcon_core.shell:Creating environment hook '/home/swetank/sparc-rudra/ros2/install/sparc_description/share/sparc_description/hook/cmake_prefix_path.ps1'
[0.484s] INFO:colcon.colcon_core.shell:Creating environment descriptor '/home/swetank/sparc-rudra/ros2/install/sparc_description/share/sparc_description/hook/cmake_prefix_path.dsv'
[0.484s] INFO:colcon.colcon_core.shell:Creating environment hook '/home/swetank/sparc-rudra/ros2/install/sparc_description/share/sparc_description/hook/cmake_prefix_path.sh'
[0.485s] Level 1:colcon.colcon_core.environment:checking '/home/swetank/sparc-rudra/ros2/install/sparc_description/bin'
[0.485s] Level 1:colcon.colcon_core.environment:checking '/home/swetank/sparc-rudra/ros2/install/sparc_description/lib/pkgconfig/sparc_description.pc'
[0.485s] Level 1:colcon.colcon_core.environment:checking '/home/swetank/sparc-rudra/ros2/install/sparc_description/lib/python3.12/site-packages'
[0.486s] Level 1:colcon.colcon_core.environment:checking '/home/swetank/sparc-rudra/ros2/install/sparc_description/bin'
[0.486s] INFO:colcon.colcon_core.shell:Creating package script '/home/swetank/sparc-rudra/ros2/install/sparc_description/share/sparc_description/package.ps1'
[0.486s] INFO:colcon.colcon_core.shell:Creating package descriptor '/home/swetank/sparc-rudra/ros2/install/sparc_description/share/sparc_description/package.dsv'
[0.486s] INFO:colcon.colcon_core.shell:Creating package script '/home/swetank/sparc-rudra/ros2/install/sparc_description/share/sparc_description/package.sh'
[0.487s] INFO:colcon.colcon_core.shell:Creating package script '/home/swetank/sparc-rudra/ros2/install/sparc_description/share/sparc_description/package.bash'
[0.487s] INFO:colcon.colcon_core.shell:Creating package script '/home/swetank/sparc-rudra/ros2/install/sparc_description/share/sparc_description/package.zsh'
[0.488s] Level 1:colcon.colcon_core.environment:create_file_with_runtime_dependencies(/home/swetank/sparc-rudra/ros2/install/sparc_description/share/colcon-core/packages/sparc_description)
[0.488s] Level 1:colcon.colcon_core.environment:create_environment_scripts_only(rudra_gazebo)
[0.488s] Level 1:colcon.colcon_core.environment:checking '/home/swetank/sparc-rudra/ros2/install/rudra_gazebo' for CMake module files
[0.489s] DEBUG:colcon.colcon_core.event_handler.log_command:Invoked command in '/home/swetank/sparc-rudra/ros2/build/rudra_gazebo' returned '0': CMAKE_PREFIX_PATH=${CMAKE_PREFIX_PATH}:/home/swetank/sparc-rudra/ros2/install/stair_detector:/opt/ros/jazzy DEBUGINFOD_URLS=https://debuginfod.ubuntu.com /usr/bin/cmake --install /home/swetank/sparc-rudra/ros2/build/rudra_gazebo
[0.489s] Level 1:colcon.colcon_core.environment:checking '/home/swetank/sparc-rudra/ros2/install/rudra_gazebo' for CMake config files
[0.489s] Level 1:colcon.colcon_core.shell:create_environment_hook('rudra_gazebo', 'cmake_prefix_path')
[0.489s] INFO:colcon.colcon_core.shell:Creating environment hook '/home/swetank/sparc-rudra/ros2/install/rudra_gazebo/share/rudra_gazebo/hook/cmake_prefix_path.ps1'
[0.489s] INFO:colcon.colcon_core.shell:Creating environment descriptor '/home/swetank/sparc-rudra/ros2/install/rudra_gazebo/share/rudra_gazebo/hook/cmake_prefix_path.dsv'
[0.490s] INFO:colcon.colcon_core.shell:Creating environment hook '/home/swetank/sparc-rudra/ros2/install/rudra_gazebo/share/rudra_gazebo/hook/cmake_prefix_path.sh'
[0.490s] Level 1:colcon.colcon_core.environment:checking '/home/swetank/sparc-rudra/ros2/install/rudra_gazebo/bin'
[0.490s] Level 1:colcon.colcon_core.environment:checking '/home/swetank/sparc-rudra/ros2/install/rudra_gazebo/lib/pkgconfig/rudra_gazebo.pc'
[0.490s] Level 1:colcon.colcon_core.environment:checking '/home/swetank/sparc-rudra/ros2/install/rudra_gazebo/lib/python3.12/site-packages'
[0.490s] Level 1:colcon.colcon_core.environment:checking '/home/swetank/sparc-rudra/ros2/install/rudra_gazebo/bin'
[0.491s] INFO:colcon.colcon_core.shell:Creating package script '/home/swetank/sparc-rudra/ros2/install/rudra_gazebo/share/rudra_gazebo/package.ps1'
[0.491s] INFO:colcon.colcon_core.shell:Creating package descriptor '/home/swetank/sparc-rudra/ros2/install/rudra_gazebo/share/rudra_gazebo/package.dsv'
[0.491s] INFO:colcon.colcon_core.shell:Creating package script '/home/swetank/sparc-rudra/ros2/install/rudra_gazebo/share/rudra_gazebo/package.sh'
[0.492s] INFO:colcon.colcon_core.shell:Creating package script '/home/swetank/sparc-rudra/ros2/install/rudra_gazebo/share/rudra_gazebo/package.bash'
[0.492s] INFO:colcon.colcon_core.shell:Creating package script '/home/swetank/sparc-rudra/ros2/install/rudra_gazebo/share/rudra_gazebo/package.zsh'
[0.492s] Level 1:colcon.colcon_core.environment:create_file_with_runtime_dependencies(/home/swetank/sparc-rudra/ros2/install/rudra_gazebo/share/colcon-core/packages/rudra_gazebo)
[0.493s] Level 1:colcon.colcon_core.environment:create_environment_scripts_only(rudra_gazebo)
[0.493s] Level 1:colcon.colcon_core.environment:checking '/home/swetank/sparc-rudra/ros2/install/rudra_gazebo' for CMake module files
[0.493s] Level 1:colcon.colcon_core.environment:checking '/home/swetank/sparc-rudra/ros2/install/rudra_gazebo' for CMake config files
[0.494s] Level 1:colcon.colcon_core.shell:create_environment_hook('rudra_gazebo', 'cmake_prefix_path')
[0.494s] INFO:colcon.colcon_core.shell:Creating environment hook '/home/swetank/sparc-rudra/ros2/install/rudra_gazebo/share/rudra_gazebo/hook/cmake_prefix_path.ps1'
[0.494s] INFO:colcon.colcon_core.shell:Creating environment descriptor '/home/swetank/sparc-rudra/ros2/install/rudra_gazebo/share/rudra_gazebo/hook/cmake_prefix_path.dsv'
[0.494s] INFO:colcon.colcon_core.shell:Creating environment hook '/home/swetank/sparc-rudra/ros2/install/rudra_gazebo/share/rudra_gazebo/hook/cmake_prefix_path.sh'
[0.495s] Level 1:colcon.colcon_core.environment:checking '/home/swetank/sparc-rudra/ros2/install/rudra_gazebo/bin'
[0.495s] Level 1:colcon.colcon_core.environment:checking '/home/swetank/sparc-rudra/ros2/install/rudra_gazebo/lib/pkgconfig/rudra_gazebo.pc'
[0.495s] Level 1:colcon.colcon_core.environment:checking '/home/swetank/sparc-rudra/ros2/install/rudra_gazebo/lib/python3.12/site-packages'
[0.495s] Level 1:colcon.colcon_core.environment:checking '/home/swetank/sparc-rudra/ros2/install/rudra_gazebo/bin'
[0.495s] INFO:colcon.colcon_core.shell:Creating package script '/home/swetank/sparc-rudra/ros2/install/rudra_gazebo/share/rudra_gazebo/package.ps1'
[0.495s] INFO:colcon.colcon_core.shell:Creating package descriptor '/home/swetank/sparc-rudra/ros2/install/rudra_gazebo/share/rudra_gazebo/package.dsv'
[0.496s] INFO:colcon.colcon_core.shell:Creating package script '/home/swetank/sparc-rudra/ros2/install/rudra_gazebo/share/rudra_gazebo/package.sh'
[0.496s] INFO:colcon.colcon_core.shell:Creating package script '/home/swetank/sparc-rudra/ros2/install/rudra_gazebo/share/rudra_gazebo/package.bash'
[0.496s] INFO:colcon.colcon_core.shell:Creating package script '/home/swetank/sparc-rudra/ros2/install/rudra_gazebo/share/rudra_gazebo/package.zsh'
[0.496s] Level 1:colcon.colcon_core.environment:create_file_with_runtime_dependencies(/home/swetank/sparc-rudra/ros2/install/rudra_gazebo/share/colcon-core/packages/rudra_gazebo)
[0.598s] DEBUG:colcon.colcon_core.event_handler.log_command:Invoked command in '/home/swetank/sparc-rudra/ros2/build/sparc_nav' returned '0': CMAKE_PREFIX_PATH=${CMAKE_PREFIX_PATH}:/home/swetank/sparc-rudra/ros2/install/stair_detector:/opt/ros/jazzy DEBUGINFOD_URLS=https://debuginfod.ubuntu.com /usr/bin/cmake --build /home/swetank/sparc-rudra/ros2/build/sparc_nav -- -j16 -l16
[0.600s] DEBUG:colcon.colcon_core.event_handler.log_command:Invoking command in '/home/swetank/sparc-rudra/ros2/build/sparc_nav': CMAKE_PREFIX_PATH=${CMAKE_PREFIX_PATH}:/home/swetank/sparc-rudra/ros2/install/stair_detector:/opt/ros/jazzy DEBUGINFOD_URLS=https://debuginfod.ubuntu.com /usr/bin/cmake --install /home/swetank/sparc-rudra/ros2/build/sparc_nav
[0.635s] Level 1:colcon.colcon_core.environment:create_environment_scripts_only(sparc_nav)
[0.636s] Level 1:colcon.colcon_core.environment:checking '/home/swetank/sparc-rudra/ros2/install/sparc_nav' for CMake module files
[0.636s] DEBUG:colcon.colcon_core.event_handler.log_command:Invoked command in '/home/swetank/sparc-rudra/ros2/build/sparc_nav' returned '0': CMAKE_PREFIX_PATH=${CMAKE_PREFIX_PATH}:/home/swetank/sparc-rudra/ros2/install/stair_detector:/opt/ros/jazzy DEBUGINFOD_URLS=https://debuginfod.ubuntu.com /usr/bin/cmake --install /home/swetank/sparc-rudra/ros2/build/sparc_nav
[0.636s] Level 1:colcon.colcon_core.environment:checking '/home/swetank/sparc-rudra/ros2/install/sparc_nav' for CMake config files
[0.637s] Level 1:colcon.colcon_core.shell:create_environment_hook('sparc_nav', 'cmake_prefix_path')
[0.637s] INFO:colcon.colcon_core.shell:Creating environment hook '/home/swetank/sparc-rudra/ros2/install/sparc_nav/share/sparc_nav/hook/cmake_prefix_path.ps1'
[0.637s] INFO:colcon.colcon_core.shell:Creating environment descriptor '/home/swetank/sparc-rudra/ros2/install/sparc_nav/share/sparc_nav/hook/cmake_prefix_path.dsv'
[0.638s] INFO:colcon.colcon_core.shell:Creating environment hook '/home/swetank/sparc-rudra/ros2/install/sparc_nav/share/sparc_nav/hook/cmake_prefix_path.sh'
[0.638s] Level 1:colcon.colcon_core.environment:checking '/home/swetank/sparc-rudra/ros2/install/sparc_nav/bin'
[0.638s] Level 1:colcon.colcon_core.environment:checking '/home/swetank/sparc-rudra/ros2/install/sparc_nav/lib/pkgconfig/sparc_nav.pc'
[0.638s] Level 1:colcon.colcon_core.environment:checking '/home/swetank/sparc-rudra/ros2/install/sparc_nav/lib/python3.12/site-packages'
[0.638s] Level 1:colcon.colcon_core.environment:checking '/home/swetank/sparc-rudra/ros2/install/sparc_nav/bin'
[0.639s] INFO:colcon.colcon_core.shell:Creating package script '/home/swetank/sparc-rudra/ros2/install/sparc_nav/share/sparc_nav/package.ps1'
[0.639s] INFO:colcon.colcon_core.shell:Creating package descriptor '/home/swetank/sparc-rudra/ros2/install/sparc_nav/share/sparc_nav/package.dsv'
[0.639s] INFO:colcon.colcon_core.shell:Creating package script '/home/swetank/sparc-rudra/ros2/install/sparc_nav/share/sparc_nav/package.sh'
[0.639s] INFO:colcon.colcon_core.shell:Creating package script '/home/swetank/sparc-rudra/ros2/install/sparc_nav/share/sparc_nav/package.bash'
[0.640s] INFO:colcon.colcon_core.shell:Creating package script '/home/swetank/sparc-rudra/ros2/install/sparc_nav/share/sparc_nav/package.zsh'
[0.640s] Level 1:colcon.colcon_core.environment:create_file_with_runtime_dependencies(/home/swetank/sparc-rudra/ros2/install/sparc_nav/share/colcon-core/packages/sparc_nav)
[0.640s] Level 1:colcon.colcon_core.environment:create_environment_scripts_only(sparc_nav)
[0.640s] Level 1:colcon.colcon_core.environment:checking '/home/swetank/sparc-rudra/ros2/install/sparc_nav' for CMake module files
[0.641s] Level 1:colcon.colcon_core.environment:checking '/home/swetank/sparc-rudra/ros2/install/sparc_nav' for CMake config files
[0.641s] Level 1:colcon.colcon_core.shell:create_environment_hook('sparc_nav', 'cmake_prefix_path')
[0.641s] INFO:colcon.colcon_core.shell:Creating environment hook '/home/swetank/sparc-rudra/ros2/install/sparc_nav/share/sparc_nav/hook/cmake_prefix_path.ps1'
[0.641s] INFO:colcon.colcon_core.shell:Creating environment descriptor '/home/swetank/sparc-rudra/ros2/install/sparc_nav/share/sparc_nav/hook/cmake_prefix_path.dsv'
[0.642s] INFO:colcon.colcon_core.shell:Creating environment hook '/home/swetank/sparc-rudra/ros2/install/sparc_nav/share/sparc_nav/hook/cmake_prefix_path.sh'
[0.642s] Level 1:colcon.colcon_core.environment:checking '/home/swetank/sparc-rudra/ros2/install/sparc_nav/bin'
[0.642s] Level 1:colcon.colcon_core.environment:checking '/home/swetank/sparc-rudra/ros2/install/sparc_nav/lib/pkgconfig/sparc_nav.pc'
[0.642s] Level 1:colcon.colcon_core.environment:checking '/home/swetank/sparc-rudra/ros2/install/sparc_nav/lib/python3.12/site-packages'
[0.643s] Level 1:colcon.colcon_core.environment:checking '/home/swetank/sparc-rudra/ros2/install/sparc_nav/bin'
[0.643s] INFO:colcon.colcon_core.shell:Creating package script '/home/swetank/sparc-rudra/ros2/install/sparc_nav/share/sparc_nav/package.ps1'
[0.643s] INFO:colcon.colcon_core.shell:Creating package descriptor '/home/swetank/sparc-rudra/ros2/install/sparc_nav/share/sparc_nav/package.dsv'
[0.644s] INFO:colcon.colcon_core.shell:Creating package script '/home/swetank/sparc-rudra/ros2/install/sparc_nav/share/sparc_nav/package.sh'
[0.644s] INFO:colcon.colcon_core.shell:Creating package script '/home/swetank/sparc-rudra/ros2/install/sparc_nav/share/sparc_nav/package.bash'
[0.644s] INFO:colcon.colcon_core.shell:Creating package script '/home/swetank/sparc-rudra/ros2/install/sparc_nav/share/sparc_nav/package.zsh'
[0.644s] Level 1:colcon.colcon_core.environment:create_file_with_runtime_dependencies(/home/swetank/sparc-rudra/ros2/install/sparc_nav/share/colcon-core/packages/sparc_nav)
[0.895s] DEBUG:colcon.colcon_core.event_handler.log_command:Invoking command in '/home/swetank/sparc-rudra/ros2/build/stair_detector': DEBUGINFOD_URLS=https://debuginfod.ubuntu.com PYTHONPATH=/home/swetank/sparc-rudra/ros2/build/stair_detector/prefix_override:/usr/lib/python3/dist-packages/colcon_core/task/python/colcon_distutils_commands:/home/swetank/sparc-rudra/ros2/install/stair_detector/lib/python3.12/site-packages:${PYTHONPATH} /usr/bin/python3 -W ignore:setup.py install is deprecated -W ignore:easy_install command is deprecated setup.py develop --editable --build-directory /home/swetank/sparc-rudra/ros2/build/stair_detector/build --no-deps symlink_data
[1.357s] Level 1:colcon.colcon_core.shell:create_environment_hook('stair_detector', 'pythonpath_develop')
[1.358s] INFO:colcon.colcon_core.shell:Creating environment hook '/home/swetank/sparc-rudra/ros2/build/stair_detector/share/stair_detector/hook/pythonpath_develop.ps1'
[1.358s] DEBUG:colcon.colcon_core.event_handler.log_command:Invoked command in '/home/swetank/sparc-rudra/ros2/build/stair_detector' returned '0': DEBUGINFOD_URLS=https://debuginfod.ubuntu.com PYTHONPATH=/home/swetank/sparc-rudra/ros2/build/stair_detector/prefix_override:/usr/lib/python3/dist-packages/colcon_core/task/python/colcon_distutils_commands:/home/swetank/sparc-rudra/ros2/install/stair_detector/lib/python3.12/site-packages:${PYTHONPATH} /usr/bin/python3 -W ignore:setup.py install is deprecated -W ignore:easy_install command is deprecated setup.py develop --editable --build-directory /home/swetank/sparc-rudra/ros2/build/stair_detector/build --no-deps symlink_data
[1.359s] INFO:colcon.colcon_core.shell:Creating environment descriptor '/home/swetank/sparc-rudra/ros2/build/stair_detector/share/stair_detector/hook/pythonpath_develop.dsv'
[1.359s] INFO:colcon.colcon_core.shell:Creating environment hook '/home/swetank/sparc-rudra/ros2/build/stair_detector/share/stair_detector/hook/pythonpath_develop.sh'
[1.360s] Level 1:colcon.colcon_core.environment:checking '/home/swetank/sparc-rudra/ros2/install/stair_detector' for CMake module files
[1.360s] Level 1:colcon.colcon_core.environment:checking '/home/swetank/sparc-rudra/ros2/install/stair_detector' for CMake config files
[1.360s] Level 1:colcon.colcon_core.environment:checking '/home/swetank/sparc-rudra/ros2/install/stair_detector/lib'
[1.360s] Level 1:colcon.colcon_core.environment:checking '/home/swetank/sparc-rudra/ros2/install/stair_detector/bin'
[1.360s] Level 1:colcon.colcon_core.environment:checking '/home/swetank/sparc-rudra/ros2/install/stair_detector/lib/pkgconfig/stair_detector.pc'
[1.361s] Level 1:colcon.colcon_core.environment:checking '/home/swetank/sparc-rudra/ros2/install/stair_detector/lib/python3.12/site-packages'
[1.361s] Level 1:colcon.colcon_core.shell:create_environment_hook('stair_detector', 'pythonpath')
[1.361s] INFO:colcon.colcon_core.shell:Creating environment hook '/home/swetank/sparc-rudra/ros2/install/stair_detector/share/stair_detector/hook/pythonpath.ps1'
[1.361s] INFO:colcon.colcon_core.shell:Creating environment descriptor '/home/swetank/sparc-rudra/ros2/install/stair_detector/share/stair_detector/hook/pythonpath.dsv'
[1.361s] INFO:colcon.colcon_core.shell:Creating environment hook '/home/swetank/sparc-rudra/ros2/install/stair_detector/share/stair_detector/hook/pythonpath.sh'
[1.362s] Level 1:colcon.colcon_core.environment:checking '/home/swetank/sparc-rudra/ros2/install/stair_detector/bin'
[1.362s] Level 1:colcon.colcon_core.environment:create_environment_scripts_only(stair_detector)
[1.362s] INFO:colcon.colcon_core.shell:Creating package script '/home/swetank/sparc-rudra/ros2/install/stair_detector/share/stair_detector/package.ps1'
[1.362s] INFO:colcon.colcon_core.shell:Creating package descriptor '/home/swetank/sparc-rudra/ros2/install/stair_detector/share/stair_detector/package.dsv'
[1.362s] INFO:colcon.colcon_core.shell:Creating package script '/home/swetank/sparc-rudra/ros2/install/stair_detector/share/stair_detector/package.sh'
[1.363s] INFO:colcon.colcon_core.shell:Creating package script '/home/swetank/sparc-rudra/ros2/install/stair_detector/share/stair_detector/package.bash'
[1.363s] INFO:colcon.colcon_core.shell:Creating package script '/home/swetank/sparc-rudra/ros2/install/stair_detector/share/stair_detector/package.zsh'
[1.363s] Level 1:colcon.colcon_core.environment:create_file_with_runtime_dependencies(/home/swetank/sparc-rudra/ros2/install/stair_detector/share/colcon-core/packages/stair_detector)
[1.363s] DEBUG:colcon.colcon_parallel_executor.executor.parallel:closing loop
[1.363s] DEBUG:colcon.colcon_parallel_executor.executor.parallel:loop closed
[1.363s] DEBUG:colcon.colcon_parallel_executor.executor.parallel:run_until_complete finished with '0'
[1.363s] DEBUG:colcon.colcon_core.event_reactor:joining thread
[1.369s] INFO:colcon.colcon_core.plugin_system:Skipping extension 'colcon_notification.desktop_notification.terminal_notifier': Not used on non-Darwin systems
[1.369s] INFO:colcon.colcon_core.plugin_system:Skipping extension 'colcon_notification.desktop_notification.win32': Not used on non-Windows systems
[1.369s] INFO:colcon.colcon_notification.desktop_notification:Sending desktop notification using 'notify2'
[1.383s] DEBUG:colcon.colcon_core.event_reactor:joined thread
[1.383s] INFO:colcon.colcon_core.shell:Creating prefix script '/home/swetank/sparc-rudra/ros2/install/local_setup.ps1'
[1.384s] INFO:colcon.colcon_core.shell:Creating prefix util module '/home/swetank/sparc-rudra/ros2/install/_local_setup_util_ps1.py'
[1.384s] INFO:colcon.colcon_core.shell:Creating prefix chain script '/home/swetank/sparc-rudra/ros2/install/setup.ps1'
[1.385s] INFO:colcon.colcon_core.shell:Creating prefix script '/home/swetank/sparc-rudra/ros2/install/local_setup.sh'
[1.385s] INFO:colcon.colcon_core.shell:Creating prefix util module '/home/swetank/sparc-rudra/ros2/install/_local_setup_util_sh.py'
[1.386s] INFO:colcon.colcon_core.shell:Creating prefix chain script '/home/swetank/sparc-rudra/ros2/install/setup.sh'
[1.386s] INFO:colcon.colcon_core.shell:Creating prefix script '/home/swetank/sparc-rudra/ros2/install/local_setup.bash'
[1.387s] INFO:colcon.colcon_core.shell:Creating prefix chain script '/home/swetank/sparc-rudra/ros2/install/setup.bash'
[1.387s] INFO:colcon.colcon_core.shell:Creating prefix script '/home/swetank/sparc-rudra/ros2/install/local_setup.zsh'
[1.388s] INFO:colcon.colcon_core.shell:Creating prefix chain script '/home/swetank/sparc-rudra/ros2/install/setup.zsh'
