[0.013s] Invoking command in '/home/swetank/sparc-rudra/ros2/build/sparc_description': CMAKE_PREFIX_PATH=${CMAKE_PREFIX_PATH}:/home/swetank/sparc-rudra/ros2/install/stair_detector:/opt/ros/jazzy DEBUGINFOD_URLS=https://debuginfod.ubuntu.com /usr/bin/cmake /home/swetank/sparc-rudra/ros2/src/sparc_description -DAMENT_CMAKE_SYMLINK_INSTALL=1 -DCMAKE_INSTALL_PREFIX=/home/swetank/sparc-rudra/ros2/install/sparc_description
[0.062s] -- The C compiler identification is GNU 13.3.0
[0.111s] -- The CXX compiler identification is GNU 13.3.0
[0.126s] -- Detecting C compiler ABI info
[0.214s] -- Detecting C compiler ABI info - done
[0.221s] -- Check for working C compiler: /usr/bin/cc - skipped
[0.221s] -- Detecting C compile features
[0.222s] -- Detecting C compile features - done
[0.230s] -- Detecting CXX compiler ABI info
[0.326s] -- Detecting CXX compiler ABI info - done
[0.333s] -- Check for working CXX compiler: /usr/bin/c++ - skipped
[0.334s] -- Detecting CXX compile features
[0.334s] -- Detecting CXX compile features - done
[0.339s] -- Found ament_cmake: 2.5.4 (/opt/ros/jazzy/share/ament_cmake/cmake)
[0.475s] -- Found Python3: /usr/bin/python3 (found version "3.12.3") found components: Interpreter 
[0.538s] -- Override CMake install command with custom implementation using symlinks instead of copying resources
[0.671s] -- Configuring done (0.7s)
[0.674s] -- Generating done (0.0s)
[0.675s] -- Build files have been written to: /home/swetank/sparc-rudra/ros2/build/sparc_description
[0.681s] Invoked command in '/home/swetank/sparc-rudra/ros2/build/sparc_description' returned '0': CMAKE_PREFIX_PATH=${CMAKE_PREFIX_PATH}:/home/swetank/sparc-rudra/ros2/install/stair_detector:/opt/ros/jazzy DEBUGINFOD_URLS=https://debuginfod.ubuntu.com /usr/bin/cmake /home/swetank/sparc-rudra/ros2/src/sparc_description -DAMENT_CMAKE_SYMLINK_INSTALL=1 -DCMAKE_INSTALL_PREFIX=/home/swetank/sparc-rudra/ros2/install/sparc_description
[0.682s] Invoking command in '/home/swetank/sparc-rudra/ros2/build/sparc_description': CMAKE_PREFIX_PATH=${CMAKE_PREFIX_PATH}:/home/swetank/sparc-rudra/ros2/install/stair_detector:/opt/ros/jazzy DEBUGINFOD_URLS=https://debuginfod.ubuntu.com /usr/bin/cmake --build /home/swetank/sparc-rudra/ros2/build/sparc_description -- -j16 -l16
[0.728s] Invoked command in '/home/swetank/sparc-rudra/ros2/build/sparc_description' returned '0': CMAKE_PREFIX_PATH=${CMAKE_PREFIX_PATH}:/home/swetank/sparc-rudra/ros2/install/stair_detector:/opt/ros/jazzy DEBUGINFOD_URLS=https://debuginfod.ubuntu.com /usr/bin/cmake --build /home/swetank/sparc-rudra/ros2/build/sparc_description -- -j16 -l16
[0.738s] Invoking command in '/home/swetank/sparc-rudra/ros2/build/sparc_description': CMAKE_PREFIX_PATH=${CMAKE_PREFIX_PATH}:/home/swetank/sparc-rudra/ros2/install/stair_detector:/opt/ros/jazzy DEBUGINFOD_URLS=https://debuginfod.ubuntu.com /usr/bin/cmake --install /home/swetank/sparc-rudra/ros2/build/sparc_description
[0.747s] -- Install configuration: ""
[0.747s] -- Execute custom install script
[0.748s] -- Symlinking: /home/swetank/sparc-rudra/ros2/install/sparc_description/share/sparc_description/urdf/sparc.urdf
[0.759s] -- Symlinking: /home/swetank/sparc-rudra/ros2/install/sparc_description/share/ament_index/resource_index/package_run_dependencies/sparc_description
[0.770s] -- Symlinking: /home/swetank/sparc-rudra/ros2/install/sparc_description/share/ament_index/resource_index/parent_prefix_path/sparc_description
[0.780s] -- Symlinking: /home/swetank/sparc-rudra/ros2/install/sparc_description/share/sparc_description/environment/ament_prefix_path.sh
[0.791s] -- Symlinking: /home/swetank/sparc-rudra/ros2/install/sparc_description/share/sparc_description/environment/ament_prefix_path.dsv
[0.802s] -- Symlinking: /home/swetank/sparc-rudra/ros2/install/sparc_description/share/sparc_description/environment/path.sh
[0.812s] -- Symlinking: /home/swetank/sparc-rudra/ros2/install/sparc_description/share/sparc_description/environment/path.dsv
[0.823s] -- Symlinking: /home/swetank/sparc-rudra/ros2/install/sparc_description/share/sparc_description/local_setup.bash
[0.833s] -- Symlinking: /home/swetank/sparc-rudra/ros2/install/sparc_description/share/sparc_description/local_setup.sh
[0.843s] -- Symlinking: /home/swetank/sparc-rudra/ros2/install/sparc_description/share/sparc_description/local_setup.zsh
[0.854s] -- Symlinking: /home/swetank/sparc-rudra/ros2/install/sparc_description/share/sparc_description/local_setup.dsv
[0.865s] -- Symlinking: /home/swetank/sparc-rudra/ros2/install/sparc_description/share/sparc_description/package.dsv
[0.876s] -- Symlinking: /home/swetank/sparc-rudra/ros2/install/sparc_description/share/ament_index/resource_index/packages/sparc_description
[0.886s] -- Symlinking: /home/swetank/sparc-rudra/ros2/install/sparc_description/share/sparc_description/cmake/sparc_descriptionConfig.cmake
[0.896s] -- Symlinking: /home/swetank/sparc-rudra/ros2/install/sparc_description/share/sparc_description/cmake/sparc_descriptionConfig-version.cmake
[0.907s] -- Symlinking: /home/swetank/sparc-rudra/ros2/install/sparc_description/share/sparc_description/package.xml
[0.919s] Invoked command in '/home/swetank/sparc-rudra/ros2/build/sparc_description' returned '0': CMAKE_PREFIX_PATH=${CMAKE_PREFIX_PATH}:/home/swetank/sparc-rudra/ros2/install/stair_detector:/opt/ros/jazzy DEBUGINFOD_URLS=https://debuginfod.ubuntu.com /usr/bin/cmake --install /home/swetank/sparc-rudra/ros2/build/sparc_description
